[0.013s] Invoking command in '/home/engineer/code/robotic_arm_moveit_config/build/robotic_arm_moveit_config': CMAKE_PREFIX_PATH=${CMAKE_PREFIX_PATH}:/home/engineer/ros2_libs/moveit2_humble/install/moveit_configs_utils:/home/engineer/ros2_libs/moveit2_humble/install/launch_param_builder:/opt/ros/humble /usr/bin/cmake --build /home/engineer/code/robotic_arm_moveit_config/build/robotic_arm_moveit_config -- -j8 -l8
[0.058s] Invoked command in '/home/engineer/code/robotic_arm_moveit_config/build/robotic_arm_moveit_config' returned '0': CMAKE_PREFIX_PATH=${CMAKE_PREFIX_PATH}:/home/engineer/ros2_libs/moveit2_humble/install/moveit_configs_utils:/home/engineer/ros2_libs/moveit2_humble/install/launch_param_builder:/opt/ros/humble /usr/bin/cmake --build /home/engineer/code/robotic_arm_moveit_config/build/robotic_arm_moveit_config -- -j8 -l8
[0.069s] Invoking command in '/home/engineer/code/robotic_arm_moveit_config/build/robotic_arm_moveit_config': CMAKE_PREFIX_PATH=${CMAKE_PREFIX_PATH}:/home/engineer/ros2_libs/moveit2_humble/install/moveit_configs_utils:/home/engineer/ros2_libs/moveit2_humble/install/launch_param_builder:/opt/ros/humble /usr/bin/cmake --install /home/engineer/code/robotic_arm_moveit_config/build/robotic_arm_moveit_config
[0.078s] -- Install configuration: ""
[0.078s] -- Up-to-date: /home/engineer/code/robotic_arm_moveit_config/install/robotic_arm_moveit_config/share/ament_index/resource_index/package_run_dependencies/robotic_arm_moveit_config
[0.078s] -- Up-to-date: /home/engineer/code/robotic_arm_moveit_config/install/robotic_arm_moveit_config/share/ament_index/resource_index/parent_prefix_path/robotic_arm_moveit_config
[0.078s] -- Up-to-date: /home/engineer/code/robotic_arm_moveit_config/install/robotic_arm_moveit_config/share/robotic_arm_moveit_config/environment/ament_prefix_path.sh
[0.078s] -- Up-to-date: /home/engineer/code/robotic_arm_moveit_config/install/robotic_arm_moveit_config/share/robotic_arm_moveit_config/environment/ament_prefix_path.dsv
[0.078s] -- Up-to-date: /home/engineer/code/robotic_arm_moveit_config/install/robotic_arm_moveit_config/share/robotic_arm_moveit_config/environment/path.sh
[0.078s] -- Up-to-date: /home/engineer/code/robotic_arm_moveit_config/install/robotic_arm_moveit_config/share/robotic_arm_moveit_config/environment/path.dsv
[0.078s] -- Up-to-date: /home/engineer/code/robotic_arm_moveit_config/install/robotic_arm_moveit_config/share/robotic_arm_moveit_config/local_setup.bash
[0.078s] -- Up-to-date: /home/engineer/code/robotic_arm_moveit_config/install/robotic_arm_moveit_config/share/robotic_arm_moveit_config/local_setup.sh
[0.078s] -- Up-to-date: /home/engineer/code/robotic_arm_moveit_config/install/robotic_arm_moveit_config/share/robotic_arm_moveit_config/local_setup.zsh
[0.078s] -- Up-to-date: /home/engineer/code/robotic_arm_moveit_config/install/robotic_arm_moveit_config/share/robotic_arm_moveit_config/local_setup.dsv
[0.078s] -- Up-to-date: /home/engineer/code/robotic_arm_moveit_config/install/robotic_arm_moveit_config/share/robotic_arm_moveit_config/package.dsv
[0.078s] -- Up-to-date: /home/engineer/code/robotic_arm_moveit_config/install/robotic_arm_moveit_config/share/ament_index/resource_index/packages/robotic_arm_moveit_config
[0.078s] -- Up-to-date: /home/engineer/code/robotic_arm_moveit_config/install/robotic_arm_moveit_config/share/robotic_arm_moveit_config/cmake/robotic_arm_moveit_configConfig.cmake
[0.078s] -- Up-to-date: /home/engineer/code/robotic_arm_moveit_config/install/robotic_arm_moveit_config/share/robotic_arm_moveit_config/cmake/robotic_arm_moveit_configConfig-version.cmake
[0.078s] -- Up-to-date: /home/engineer/code/robotic_arm_moveit_config/install/robotic_arm_moveit_config/share/robotic_arm_moveit_config/package.xml
[0.078s] -- Up-to-date: /home/engineer/code/robotic_arm_moveit_config/install/robotic_arm_moveit_config/share/robotic_arm_moveit_config/launch
[0.078s] -- Up-to-date: /home/engineer/code/robotic_arm_moveit_config/install/robotic_arm_moveit_config/share/robotic_arm_moveit_config/launch/warehouse_db.launch.py
[0.078s] -- Up-to-date: /home/engineer/code/robotic_arm_moveit_config/install/robotic_arm_moveit_config/share/robotic_arm_moveit_config/launch/demo.launch.py
[0.079s] -- Up-to-date: /home/engineer/code/robotic_arm_moveit_config/install/robotic_arm_moveit_config/share/robotic_arm_moveit_config/launch/move_group.launch.py
[0.079s] -- Up-to-date: /home/engineer/code/robotic_arm_moveit_config/install/robotic_arm_moveit_config/share/robotic_arm_moveit_config/launch/rsp.launch.py
[0.079s] -- Up-to-date: /home/engineer/code/robotic_arm_moveit_config/install/robotic_arm_moveit_config/share/robotic_arm_moveit_config/launch/static_virtual_joint_tfs.launch.py
[0.079s] -- Up-to-date: /home/engineer/code/robotic_arm_moveit_config/install/robotic_arm_moveit_config/share/robotic_arm_moveit_config/launch/setup_assistant.launch.py
[0.079s] -- Up-to-date: /home/engineer/code/robotic_arm_moveit_config/install/robotic_arm_moveit_config/share/robotic_arm_moveit_config/launch/moveit_rviz.launch.py
[0.079s] -- Up-to-date: /home/engineer/code/robotic_arm_moveit_config/install/robotic_arm_moveit_config/share/robotic_arm_moveit_config/launch/spawn_controllers.launch.py
[0.079s] -- Up-to-date: /home/engineer/code/robotic_arm_moveit_config/install/robotic_arm_moveit_config/share/robotic_arm_moveit_config/config
[0.079s] -- Up-to-date: /home/engineer/code/robotic_arm_moveit_config/install/robotic_arm_moveit_config/share/robotic_arm_moveit_config/config/robotic_arm.ros2_control.xacro
[0.079s] -- Up-to-date: /home/engineer/code/robotic_arm_moveit_config/install/robotic_arm_moveit_config/share/robotic_arm_moveit_config/config/kinematics.yaml
[0.079s] -- Up-to-date: /home/engineer/code/robotic_arm_moveit_config/install/robotic_arm_moveit_config/share/robotic_arm_moveit_config/config/robotic_arm.urdf.xacro
[0.079s] -- Installing: /home/engineer/code/robotic_arm_moveit_config/install/robotic_arm_moveit_config/share/robotic_arm_moveit_config/config/ompl_planning.yaml
[0.079s] -- Up-to-date: /home/engineer/code/robotic_arm_moveit_config/install/robotic_arm_moveit_config/share/robotic_arm_moveit_config/config/moveit.rviz
[0.079s] -- Up-to-date: /home/engineer/code/robotic_arm_moveit_config/install/robotic_arm_moveit_config/share/robotic_arm_moveit_config/config/robotic_arm.srdf
[0.079s] -- Up-to-date: /home/engineer/code/robotic_arm_moveit_config/install/robotic_arm_moveit_config/share/robotic_arm_moveit_config/config/pilz_cartesian_limits.yaml
[0.079s] -- Up-to-date: /home/engineer/code/robotic_arm_moveit_config/install/robotic_arm_moveit_config/share/robotic_arm_moveit_config/config/ros2_controllers.yaml
[0.079s] -- Up-to-date: /home/engineer/code/robotic_arm_moveit_config/install/robotic_arm_moveit_config/share/robotic_arm_moveit_config/config/moveit_controllers.yaml
[0.079s] -- Up-to-date: /home/engineer/code/robotic_arm_moveit_config/install/robotic_arm_moveit_config/share/robotic_arm_moveit_config/config/initial_positions.yaml
[0.079s] -- Up-to-date: /home/engineer/code/robotic_arm_moveit_config/install/robotic_arm_moveit_config/share/robotic_arm_moveit_config/config/joint_limits.yaml
[0.079s] -- Up-to-date: /home/engineer/code/robotic_arm_moveit_config/install/robotic_arm_moveit_config/share/robotic_arm_moveit_config/.setup_assistant
[0.080s] Invoked command in '/home/engineer/code/robotic_arm_moveit_config/build/robotic_arm_moveit_config' returned '0': CMAKE_PREFIX_PATH=${CMAKE_PREFIX_PATH}:/home/engineer/ros2_libs/moveit2_humble/install/moveit_configs_utils:/home/engineer/ros2_libs/moveit2_humble/install/launch_param_builder:/opt/ros/humble /usr/bin/cmake --install /home/engineer/code/robotic_arm_moveit_config/build/robotic_arm_moveit_config
