[0.079s] DEBUG:colcon:Command line arguments: ['/usr/bin/colcon', 'build']
[0.079s] DEBUG:colcon:Parsed command line arguments: Namespace(log_base=None, log_level=None, verb_name='build', build_base='build', install_base='install', merge_install=False, symlink_install=False, test_result_base=None, continue_on_error=False, executor='parallel', parallel_workers=8, event_handlers=None, ignore_user_meta=False, metas=['./colcon.meta'], base_paths=['.'], packages_ignore=None, packages_ignore_regex=None, paths=None, packages_up_to=None, packages_up_to_regex=None, packages_above=None, packages_above_and_dependencies=None, packages_above_depth=None, packages_select_by_dep=None, packages_skip_by_dep=None, packages_skip_up_to=None, packages_select_build_failed=False, packages_skip_build_finished=False, packages_select_test_failures=False, packages_skip_test_passed=False, packages_select=None, packages_skip=None, packages_select_regex=None, packages_skip_regex=None, packages_start=None, packages_end=None, allow_overriding=[], cmake_args=None, cmake_target=None, cmake_target_skip_unavailable=False, cmake_clean_cache=False, cmake_clean_first=False, cmake_force_configure=False, ament_cmake_args=None, catkin_cmake_args=None, catkin_skip_building_tests=False, mixin_files=None, mixin=None, verb_parser=<colcon_mixin.mixin.mixin_argument.MixinArgumentDecorator object at 0x738861422b30>, verb_extension=<colcon_core.verb.build.BuildVerb object at 0x738861422680>, main=<bound method BuildVerb.main of <colcon_core.verb.build.BuildVerb object at 0x738861422680>>, mixin_verb=('build',))
[0.185s] Level 1:colcon.colcon_core.package_discovery:discover_packages(colcon_meta) check parameters
[0.185s] Level 1:colcon.colcon_core.package_discovery:discover_packages(recursive) check parameters
[0.185s] Level 1:colcon.colcon_core.package_discovery:discover_packages(ignore) check parameters
[0.185s] Level 1:colcon.colcon_core.package_discovery:discover_packages(path) check parameters
[0.185s] Level 1:colcon.colcon_core.package_discovery:discover_packages(colcon_meta) discover
[0.185s] Level 1:colcon.colcon_core.package_discovery:discover_packages(recursive) discover
[0.185s] INFO:colcon.colcon_core.package_discovery:Crawling recursively for packages in '/home/engineer/code/rm_eng/src/robotic_arm'
[0.185s] Level 1:colcon.colcon_core.package_identification:_identify(.) by extensions ['ignore', 'ignore_ament_install']
[0.185s] Level 1:colcon.colcon_core.package_identification:_identify(.) by extension 'ignore'
[0.185s] Level 1:colcon.colcon_core.package_identification:_identify(.) by extension 'ignore_ament_install'
[0.185s] Level 1:colcon.colcon_core.package_identification:_identify(.) by extensions ['colcon_pkg']
[0.186s] Level 1:colcon.colcon_core.package_identification:_identify(.) by extension 'colcon_pkg'
[0.186s] Level 1:colcon.colcon_core.package_identification:_identify(.) by extensions ['colcon_meta']
[0.186s] Level 1:colcon.colcon_core.package_identification:_identify(.) by extension 'colcon_meta'
[0.186s] Level 1:colcon.colcon_core.package_identification:_identify(.) by extensions ['ros']
[0.186s] Level 1:colcon.colcon_core.package_identification:_identify(.) by extension 'ros'
[0.195s] DEBUG:colcon.colcon_core.package_identification:Package '.' with type 'ros.ament_cmake' and name 'robotic_arm'
[0.195s] Level 1:colcon.colcon_core.package_discovery:discover_packages(recursive) using defaults
[0.195s] Level 1:colcon.colcon_core.package_discovery:discover_packages(ignore) discover
[0.195s] Level 1:colcon.colcon_core.package_discovery:discover_packages(ignore) using defaults
[0.195s] Level 1:colcon.colcon_core.package_discovery:discover_packages(path) discover
[0.195s] Level 1:colcon.colcon_core.package_discovery:discover_packages(path) using defaults
[0.209s] Level 1:colcon.colcon_core.package_discovery:discover_packages(prefix_path) check parameters
[0.209s] Level 1:colcon.colcon_core.package_discovery:discover_packages(prefix_path) discover
[0.210s] WARNING:colcon.colcon_ros.prefix_path.ament:The path '/home/engineer/code/rm_eng/src/robotic_arm/install/robotic_arm' in the environment variable AMENT_PREFIX_PATH doesn't exist
[0.211s] WARNING:colcon.colcon_ros.prefix_path.catkin:The path '/home/engineer/code/rm_eng/src/robotic_arm/install/robotic_arm' in the environment variable CMAKE_PREFIX_PATH doesn't exist
[0.212s] DEBUG:colcon.colcon_installed_package_information.package_discovery:Found 0 installed packages in /home/engineer/code/rm_eng/src/robotic_arm/install
[0.213s] DEBUG:colcon.colcon_installed_package_information.package_discovery:Found 55 installed packages in /home/engineer/ros2_libs/moveit2_humble/install
[0.221s] DEBUG:colcon.colcon_installed_package_information.package_discovery:Found 313 installed packages in /opt/ros/humble
[0.222s] Level 1:colcon.colcon_core.package_discovery:discover_packages(prefix_path) using defaults
[0.252s] Level 5:colcon.colcon_core.verb:set package 'robotic_arm' build argument 'cmake_args' from command line to 'None'
[0.252s] Level 5:colcon.colcon_core.verb:set package 'robotic_arm' build argument 'cmake_target' from command line to 'None'
[0.252s] Level 5:colcon.colcon_core.verb:set package 'robotic_arm' build argument 'cmake_target_skip_unavailable' from command line to 'False'
[0.252s] Level 5:colcon.colcon_core.verb:set package 'robotic_arm' build argument 'cmake_clean_cache' from command line to 'False'
[0.252s] Level 5:colcon.colcon_core.verb:set package 'robotic_arm' build argument 'cmake_clean_first' from command line to 'False'
[0.252s] Level 5:colcon.colcon_core.verb:set package 'robotic_arm' build argument 'cmake_force_configure' from command line to 'False'
[0.252s] Level 5:colcon.colcon_core.verb:set package 'robotic_arm' build argument 'ament_cmake_args' from command line to 'None'
[0.252s] Level 5:colcon.colcon_core.verb:set package 'robotic_arm' build argument 'catkin_cmake_args' from command line to 'None'
[0.252s] Level 5:colcon.colcon_core.verb:set package 'robotic_arm' build argument 'catkin_skip_building_tests' from command line to 'False'
[0.252s] DEBUG:colcon.colcon_core.verb:Building package 'robotic_arm' with the following arguments: {'ament_cmake_args': None, 'build_base': '/home/engineer/code/rm_eng/src/robotic_arm/build/robotic_arm', 'catkin_cmake_args': None, 'catkin_skip_building_tests': False, 'cmake_args': None, 'cmake_clean_cache': False, 'cmake_clean_first': False, 'cmake_force_configure': False, 'cmake_target': None, 'cmake_target_skip_unavailable': False, 'install_base': '/home/engineer/code/rm_eng/src/robotic_arm/install/robotic_arm', 'merge_install': False, 'path': '/home/engineer/code/rm_eng/src/robotic_arm', 'symlink_install': False, 'test_result_base': None}
[0.252s] INFO:colcon.colcon_core.executor:Executing jobs using 'parallel' executor
[0.254s] DEBUG:colcon.colcon_parallel_executor.executor.parallel:run_until_complete
[0.254s] INFO:colcon.colcon_ros.task.ament_cmake.build:Building ROS package in '/home/engineer/code/rm_eng/src/robotic_arm' with build type 'ament_cmake'
[0.254s] INFO:colcon.colcon_cmake.task.cmake.build:Building CMake package in '/home/engineer/code/rm_eng/src/robotic_arm'
[0.256s] INFO:colcon.colcon_core.plugin_system:Skipping extension 'colcon_core.shell.bat': Not used on non-Windows systems
[0.256s] INFO:colcon.colcon_core.shell:Skip shell extension 'powershell' for command environment: Not usable outside of PowerShell
[0.256s] DEBUG:colcon.colcon_core.shell:Skip shell extension 'dsv' for command environment
[0.270s] DEBUG:colcon.colcon_core.event_handler.log_command:Invoking command in '/home/engineer/code/rm_eng/src/robotic_arm/build/robotic_arm': CMAKE_PREFIX_PATH=${CMAKE_PREFIX_PATH}:/home/engineer/ros2_libs/moveit2_humble/install/moveit_configs_utils:/home/engineer/ros2_libs/moveit2_humble/install/launch_param_builder:/opt/ros/humble /usr/bin/cmake /home/engineer/code/rm_eng/src/robotic_arm -DCMAKE_INSTALL_PREFIX=/home/engineer/code/rm_eng/src/robotic_arm/install/robotic_arm
[0.891s] DEBUG:colcon.colcon_core.event_handler.log_command:Invoked command in '/home/engineer/code/rm_eng/src/robotic_arm/build/robotic_arm' returned '0': CMAKE_PREFIX_PATH=${CMAKE_PREFIX_PATH}:/home/engineer/ros2_libs/moveit2_humble/install/moveit_configs_utils:/home/engineer/ros2_libs/moveit2_humble/install/launch_param_builder:/opt/ros/humble /usr/bin/cmake /home/engineer/code/rm_eng/src/robotic_arm -DCMAKE_INSTALL_PREFIX=/home/engineer/code/rm_eng/src/robotic_arm/install/robotic_arm
[0.892s] DEBUG:colcon.colcon_core.event_handler.log_command:Invoking command in '/home/engineer/code/rm_eng/src/robotic_arm/build/robotic_arm': CMAKE_PREFIX_PATH=${CMAKE_PREFIX_PATH}:/home/engineer/ros2_libs/moveit2_humble/install/moveit_configs_utils:/home/engineer/ros2_libs/moveit2_humble/install/launch_param_builder:/opt/ros/humble /usr/bin/cmake --build /home/engineer/code/rm_eng/src/robotic_arm/build/robotic_arm -- -j8 -l8
[0.930s] DEBUG:colcon.colcon_core.event_handler.log_command:Invoked command in '/home/engineer/code/rm_eng/src/robotic_arm/build/robotic_arm' returned '0': CMAKE_PREFIX_PATH=${CMAKE_PREFIX_PATH}:/home/engineer/ros2_libs/moveit2_humble/install/moveit_configs_utils:/home/engineer/ros2_libs/moveit2_humble/install/launch_param_builder:/opt/ros/humble /usr/bin/cmake --build /home/engineer/code/rm_eng/src/robotic_arm/build/robotic_arm -- -j8 -l8
[0.939s] DEBUG:colcon.colcon_core.event_handler.log_command:Invoking command in '/home/engineer/code/rm_eng/src/robotic_arm/build/robotic_arm': CMAKE_PREFIX_PATH=${CMAKE_PREFIX_PATH}:/home/engineer/ros2_libs/moveit2_humble/install/moveit_configs_utils:/home/engineer/ros2_libs/moveit2_humble/install/launch_param_builder:/opt/ros/humble /usr/bin/cmake --install /home/engineer/code/rm_eng/src/robotic_arm/build/robotic_arm
[0.948s] Level 1:colcon.colcon_core.environment:create_environment_scripts_only(robotic_arm)
[0.949s] DEBUG:colcon.colcon_core.event_handler.log_command:Invoked command in '/home/engineer/code/rm_eng/src/robotic_arm/build/robotic_arm' returned '0': CMAKE_PREFIX_PATH=${CMAKE_PREFIX_PATH}:/home/engineer/ros2_libs/moveit2_humble/install/moveit_configs_utils:/home/engineer/ros2_libs/moveit2_humble/install/launch_param_builder:/opt/ros/humble /usr/bin/cmake --install /home/engineer/code/rm_eng/src/robotic_arm/build/robotic_arm
[0.950s] Level 1:colcon.colcon_core.environment:checking '/home/engineer/code/rm_eng/src/robotic_arm/install/robotic_arm' for CMake module files
[0.951s] Level 1:colcon.colcon_core.environment:checking '/home/engineer/code/rm_eng/src/robotic_arm/install/robotic_arm' for CMake config files
[0.951s] Level 1:colcon.colcon_core.shell:create_environment_hook('robotic_arm', 'cmake_prefix_path')
[0.951s] INFO:colcon.colcon_core.shell:Creating environment hook '/home/engineer/code/rm_eng/src/robotic_arm/install/robotic_arm/share/robotic_arm/hook/cmake_prefix_path.ps1'
[0.951s] INFO:colcon.colcon_core.shell:Creating environment descriptor '/home/engineer/code/rm_eng/src/robotic_arm/install/robotic_arm/share/robotic_arm/hook/cmake_prefix_path.dsv'
[0.951s] INFO:colcon.colcon_core.shell:Creating environment hook '/home/engineer/code/rm_eng/src/robotic_arm/install/robotic_arm/share/robotic_arm/hook/cmake_prefix_path.sh'
[0.952s] Level 1:colcon.colcon_core.environment:checking '/home/engineer/code/rm_eng/src/robotic_arm/install/robotic_arm/bin'
[0.952s] Level 1:colcon.colcon_core.environment:checking '/home/engineer/code/rm_eng/src/robotic_arm/install/robotic_arm/lib/pkgconfig/robotic_arm.pc'
[0.952s] Level 1:colcon.colcon_core.environment:checking '/home/engineer/code/rm_eng/src/robotic_arm/install/robotic_arm/lib/python3.10/site-packages'
[0.952s] Level 1:colcon.colcon_core.environment:checking '/home/engineer/code/rm_eng/src/robotic_arm/install/robotic_arm/bin'
[0.952s] INFO:colcon.colcon_core.shell:Creating package script '/home/engineer/code/rm_eng/src/robotic_arm/install/robotic_arm/share/robotic_arm/package.ps1'
[0.953s] INFO:colcon.colcon_core.shell:Creating package descriptor '/home/engineer/code/rm_eng/src/robotic_arm/install/robotic_arm/share/robotic_arm/package.dsv'
[0.953s] INFO:colcon.colcon_core.shell:Creating package script '/home/engineer/code/rm_eng/src/robotic_arm/install/robotic_arm/share/robotic_arm/package.sh'
[0.954s] INFO:colcon.colcon_core.shell:Creating package script '/home/engineer/code/rm_eng/src/robotic_arm/install/robotic_arm/share/robotic_arm/package.bash'
[0.955s] INFO:colcon.colcon_core.shell:Creating package script '/home/engineer/code/rm_eng/src/robotic_arm/install/robotic_arm/share/robotic_arm/package.zsh'
[0.955s] Level 1:colcon.colcon_core.environment:create_file_with_runtime_dependencies(/home/engineer/code/rm_eng/src/robotic_arm/install/robotic_arm/share/colcon-core/packages/robotic_arm)
[0.956s] Level 1:colcon.colcon_core.environment:create_environment_scripts_only(robotic_arm)
[0.956s] Level 1:colcon.colcon_core.environment:checking '/home/engineer/code/rm_eng/src/robotic_arm/install/robotic_arm' for CMake module files
[0.956s] Level 1:colcon.colcon_core.environment:checking '/home/engineer/code/rm_eng/src/robotic_arm/install/robotic_arm' for CMake config files
[0.956s] Level 1:colcon.colcon_core.shell:create_environment_hook('robotic_arm', 'cmake_prefix_path')
[0.956s] INFO:colcon.colcon_core.shell:Creating environment hook '/home/engineer/code/rm_eng/src/robotic_arm/install/robotic_arm/share/robotic_arm/hook/cmake_prefix_path.ps1'
[0.957s] INFO:colcon.colcon_core.shell:Creating environment descriptor '/home/engineer/code/rm_eng/src/robotic_arm/install/robotic_arm/share/robotic_arm/hook/cmake_prefix_path.dsv'
[0.957s] INFO:colcon.colcon_core.shell:Creating environment hook '/home/engineer/code/rm_eng/src/robotic_arm/install/robotic_arm/share/robotic_arm/hook/cmake_prefix_path.sh'
[0.957s] Level 1:colcon.colcon_core.environment:checking '/home/engineer/code/rm_eng/src/robotic_arm/install/robotic_arm/bin'
[0.957s] Level 1:colcon.colcon_core.environment:checking '/home/engineer/code/rm_eng/src/robotic_arm/install/robotic_arm/lib/pkgconfig/robotic_arm.pc'
[0.957s] Level 1:colcon.colcon_core.environment:checking '/home/engineer/code/rm_eng/src/robotic_arm/install/robotic_arm/lib/python3.10/site-packages'
[0.958s] Level 1:colcon.colcon_core.environment:checking '/home/engineer/code/rm_eng/src/robotic_arm/install/robotic_arm/bin'
[0.958s] INFO:colcon.colcon_core.shell:Creating package script '/home/engineer/code/rm_eng/src/robotic_arm/install/robotic_arm/share/robotic_arm/package.ps1'
[0.958s] INFO:colcon.colcon_core.shell:Creating package descriptor '/home/engineer/code/rm_eng/src/robotic_arm/install/robotic_arm/share/robotic_arm/package.dsv'
[0.958s] INFO:colcon.colcon_core.shell:Creating package script '/home/engineer/code/rm_eng/src/robotic_arm/install/robotic_arm/share/robotic_arm/package.sh'
[0.959s] INFO:colcon.colcon_core.shell:Creating package script '/home/engineer/code/rm_eng/src/robotic_arm/install/robotic_arm/share/robotic_arm/package.bash'
[0.959s] INFO:colcon.colcon_core.shell:Creating package script '/home/engineer/code/rm_eng/src/robotic_arm/install/robotic_arm/share/robotic_arm/package.zsh'
[0.959s] Level 1:colcon.colcon_core.environment:create_file_with_runtime_dependencies(/home/engineer/code/rm_eng/src/robotic_arm/install/robotic_arm/share/colcon-core/packages/robotic_arm)
[0.959s] DEBUG:colcon.colcon_parallel_executor.executor.parallel:closing loop
[0.960s] DEBUG:colcon.colcon_parallel_executor.executor.parallel:loop closed
[0.960s] DEBUG:colcon.colcon_parallel_executor.executor.parallel:run_until_complete finished with '0'
[0.960s] DEBUG:colcon.colcon_core.event_reactor:joining thread
[0.963s] INFO:colcon.colcon_core.plugin_system:Skipping extension 'colcon_notification.desktop_notification.terminal_notifier': Not used on non-Darwin systems
[0.963s] INFO:colcon.colcon_core.plugin_system:Skipping extension 'colcon_notification.desktop_notification.win32': Not used on non-Windows systems
[0.963s] INFO:colcon.colcon_notification.desktop_notification:Sending desktop notification using 'notify2'
[0.970s] DEBUG:colcon.colcon_core.event_reactor:joined thread
[0.971s] INFO:colcon.colcon_core.shell:Creating prefix script '/home/engineer/code/rm_eng/src/robotic_arm/install/local_setup.ps1'
[0.972s] INFO:colcon.colcon_core.shell:Creating prefix util module '/home/engineer/code/rm_eng/src/robotic_arm/install/_local_setup_util_ps1.py'
[0.974s] INFO:colcon.colcon_core.shell:Creating prefix chain script '/home/engineer/code/rm_eng/src/robotic_arm/install/setup.ps1'
[0.976s] INFO:colcon.colcon_core.shell:Creating prefix script '/home/engineer/code/rm_eng/src/robotic_arm/install/local_setup.sh'
[0.976s] INFO:colcon.colcon_core.shell:Creating prefix util module '/home/engineer/code/rm_eng/src/robotic_arm/install/_local_setup_util_sh.py'
[0.977s] INFO:colcon.colcon_core.shell:Creating prefix chain script '/home/engineer/code/rm_eng/src/robotic_arm/install/setup.sh'
[0.979s] INFO:colcon.colcon_core.shell:Creating prefix script '/home/engineer/code/rm_eng/src/robotic_arm/install/local_setup.bash'
[0.979s] INFO:colcon.colcon_core.shell:Creating prefix chain script '/home/engineer/code/rm_eng/src/robotic_arm/install/setup.bash'
[0.981s] INFO:colcon.colcon_core.shell:Creating prefix script '/home/engineer/code/rm_eng/src/robotic_arm/install/local_setup.zsh'
[0.981s] INFO:colcon.colcon_core.shell:Creating prefix chain script '/home/engineer/code/rm_eng/src/robotic_arm/install/setup.zsh'
