[0.007s] Invoking command in '/home/stardust/robotic_arm_moveit_config/build/robotic_arm_moveit_config': CMAKE_PREFIX_PATH=${CMAKE_PREFIX_PATH}:/home/stardust/ws_moveit2/install/moveit_configs_utils:/home/stardust/ws_moveit2/install/launch_param_builder:/opt/ros/humble CONDA_PROMPT_MODIFIER=(base) /usr/bin/cmake /home/stardust/robotic_arm_moveit_config -DCMAKE_INSTALL_PREFIX=/home/stardust/robotic_arm_moveit_config/install/robotic_arm_moveit_config
[0.070s] -- The C compiler identification is GNU 11.4.0
[0.112s] -- The CXX compiler identification is GNU 11.4.0
[0.115s] -- Detecting C compiler ABI info
[0.147s] -- Detecting C compiler ABI info - done
[0.150s] -- Check for working C compiler: /usr/bin/cc - skipped
[0.150s] -- Detecting C compile features
[0.150s] -- Detecting C compile features - done
[0.151s] -- Detecting CXX compiler ABI info
[0.185s] -- Detecting CXX compiler ABI info - done
[0.188s] -- Check for working CXX compiler: /usr/bin/c++ - skipped
[0.188s] -- Detecting CXX compile features
[0.189s] -- Detecting CXX compile features - done
[0.191s] -- Found ament_cmake: 1.3.10 (/opt/ros/humble/share/ament_cmake/cmake)
[0.380s] -- Found Python3: /home/stardust/anaconda3/bin/python3 (found version "3.12.4") found components: Interpreter 
[0.453s] Traceback (most recent call last):
[0.453s]   File "/opt/ros/humble/share/ament_cmake_core/cmake/core/package_xml_2_cmake.py", line 22, in <module>
[0.453s]     from catkin_pkg.package import parse_package_string
[0.453s] ModuleNotFoundError: No module named 'catkin_pkg'
[0.454s] [31mCMake Error at /opt/ros/humble/share/ament_cmake_core/cmake/core/ament_package_xml.cmake:95 (message):
[0.454s]   execute_process(/home/stardust/anaconda3/bin/python3
[0.454s]   /opt/ros/humble/share/ament_cmake_core/cmake/core/package_xml_2_cmake.py
[0.454s]   /home/stardust/robotic_arm_moveit_config/package.xml
[0.454s]   /home/stardust/robotic_arm_moveit_config/build/robotic_arm_moveit_config/ament_cmake_core/package.cmake)
[0.454s]   returned error code 1
[0.454s] Call Stack (most recent call first):
[0.454s]   /opt/ros/humble/share/ament_cmake_core/cmake/core/ament_package_xml.cmake:49 (_ament_package_xml)
[0.454s]   /opt/ros/humble/share/ament_cmake_core/cmake/core/ament_package.cmake:63 (ament_package_xml)
[0.454s]   CMakeLists.txt:6 (ament_package)
[0.454s] 
[0.454s] [0m
[0.454s] -- Configuring incomplete, errors occurred!
[0.455s] See also "/home/stardust/robotic_arm_moveit_config/build/robotic_arm_moveit_config/CMakeFiles/CMakeOutput.log".
[0.456s] Invoked command in '/home/stardust/robotic_arm_moveit_config/build/robotic_arm_moveit_config' returned '1': CMAKE_PREFIX_PATH=${CMAKE_PREFIX_PATH}:/home/stardust/ws_moveit2/install/moveit_configs_utils:/home/stardust/ws_moveit2/install/launch_param_builder:/opt/ros/humble CONDA_PROMPT_MODIFIER=(base) /usr/bin/cmake /home/stardust/robotic_arm_moveit_config -DCMAKE_INSTALL_PREFIX=/home/stardust/robotic_arm_moveit_config/install/robotic_arm_moveit_config
