[0.006s] Invoking command in '/home/stardust/robotic_arm/build/robotic_arm': CMAKE_PREFIX_PATH=${CMAKE_PREFIX_PATH}:/home/stardust/ws_moveit2/install/moveit_configs_utils:/home/stardust/ws_moveit2/install/launch_param_builder:/opt/ros/humble /usr/bin/cmake /home/stardust/robotic_arm -DCMAKE_INSTALL_PREFIX=/home/stardust/robotic_arm/install/robotic_arm
[0.032s] -- The C compiler identification is GNU 11.4.0
[0.055s] -- The CXX compiler identification is GNU 11.4.0
[0.058s] -- Detecting C compiler ABI info
[0.087s] -- Detecting C compiler ABI info - done
[0.090s] -- Check for working C compiler: /usr/bin/cc - skipped
[0.090s] -- Detecting C compile features
[0.090s] -- Detecting C compile features - done
[0.091s] -- Detecting CXX compiler ABI info
[0.123s] -- Detecting CXX compiler ABI info - done
[0.126s] -- Check for working CXX compiler: /usr/bin/c++ - skipped
[0.126s] -- Detecting CXX compile features
[0.126s] -- Detecting CXX compile features - done
[0.129s] -- Found ament_cmake: 1.3.10 (/opt/ros/humble/share/ament_cmake/cmake)
[0.194s] -- Found Python3: /usr/bin/python3 (found version "3.10.12") found components: Interpreter 
[0.247s] -- Found ament_lint_auto: 0.12.11 (/opt/ros/humble/share/ament_lint_auto/cmake)
[0.290s] -- Added test 'cppcheck' to perform static code analysis on C / C++ code
[0.290s] -- Configured cppcheck include dirs: 
[0.290s] -- Configured cppcheck exclude dirs and/or files: 
[0.291s] -- Added test 'lint_cmake' to check CMake code style
[0.293s] -- Added test 'uncrustify' to check C / C++ code style
[0.293s] -- Configured uncrustify additional arguments: 
[0.293s] -- Added test 'xmllint' to check XML markup files
[0.294s] -- Configuring done
[0.295s] -- Generating done
[0.295s] -- Build files have been written to: /home/stardust/robotic_arm/build/robotic_arm
[0.297s] Invoked command in '/home/stardust/robotic_arm/build/robotic_arm' returned '0': CMAKE_PREFIX_PATH=${CMAKE_PREFIX_PATH}:/home/stardust/ws_moveit2/install/moveit_configs_utils:/home/stardust/ws_moveit2/install/launch_param_builder:/opt/ros/humble /usr/bin/cmake /home/stardust/robotic_arm -DCMAKE_INSTALL_PREFIX=/home/stardust/robotic_arm/install/robotic_arm
[0.298s] Invoking command in '/home/stardust/robotic_arm/build/robotic_arm': CMAKE_PREFIX_PATH=${CMAKE_PREFIX_PATH}:/home/stardust/ws_moveit2/install/moveit_configs_utils:/home/stardust/ws_moveit2/install/launch_param_builder:/opt/ros/humble /usr/bin/cmake --build /home/stardust/robotic_arm/build/robotic_arm -- -j12 -l12
[0.316s] Invoked command in '/home/stardust/robotic_arm/build/robotic_arm' returned '0': CMAKE_PREFIX_PATH=${CMAKE_PREFIX_PATH}:/home/stardust/ws_moveit2/install/moveit_configs_utils:/home/stardust/ws_moveit2/install/launch_param_builder:/opt/ros/humble /usr/bin/cmake --build /home/stardust/robotic_arm/build/robotic_arm -- -j12 -l12
[0.330s] Invoking command in '/home/stardust/robotic_arm/build/robotic_arm': CMAKE_PREFIX_PATH=${CMAKE_PREFIX_PATH}:/home/stardust/ws_moveit2/install/moveit_configs_utils:/home/stardust/ws_moveit2/install/launch_param_builder:/opt/ros/humble /usr/bin/cmake --install /home/stardust/robotic_arm/build/robotic_arm
[0.333s] -- Install configuration: ""
[0.333s] -- Installing: /home/stardust/robotic_arm/install/robotic_arm/share/ament_index/resource_index/package_run_dependencies/robotic_arm
[0.333s] -- Installing: /home/stardust/robotic_arm/install/robotic_arm/share/ament_index/resource_index/parent_prefix_path/robotic_arm
[0.333s] -- Installing: /home/stardust/robotic_arm/install/robotic_arm/share/robotic_arm/environment/ament_prefix_path.sh
[0.334s] -- Installing: /home/stardust/robotic_arm/install/robotic_arm/share/robotic_arm/environment/ament_prefix_path.dsv
[0.334s] -- Installing: /home/stardust/robotic_arm/install/robotic_arm/share/robotic_arm/environment/path.sh
[0.334s] -- Installing: /home/stardust/robotic_arm/install/robotic_arm/share/robotic_arm/environment/path.dsv
[0.334s] -- Installing: /home/stardust/robotic_arm/install/robotic_arm/share/robotic_arm/local_setup.bash
[0.334s] -- Installing: /home/stardust/robotic_arm/install/robotic_arm/share/robotic_arm/local_setup.sh
[0.334s] -- Installing: /home/stardust/robotic_arm/install/robotic_arm/share/robotic_arm/local_setup.zsh
[0.334s] -- Installing: /home/stardust/robotic_arm/install/robotic_arm/share/robotic_arm/local_setup.dsv
[0.334s] -- Installing: /home/stardust/robotic_arm/install/robotic_arm/share/robotic_arm/package.dsv
[0.334s] -- Installing: /home/stardust/robotic_arm/install/robotic_arm/share/ament_index/resource_index/packages/robotic_arm
[0.334s] -- Installing: /home/stardust/robotic_arm/install/robotic_arm/share/robotic_arm/cmake/robotic_armConfig.cmake
[0.334s] -- Installing: /home/stardust/robotic_arm/install/robotic_arm/share/robotic_arm/cmake/robotic_armConfig-version.cmake
[0.334s] -- Installing: /home/stardust/robotic_arm/install/robotic_arm/share/robotic_arm/package.xml
[0.335s] Invoked command in '/home/stardust/robotic_arm/build/robotic_arm' returned '0': CMAKE_PREFIX_PATH=${CMAKE_PREFIX_PATH}:/home/stardust/ws_moveit2/install/moveit_configs_utils:/home/stardust/ws_moveit2/install/launch_param_builder:/opt/ros/humble /usr/bin/cmake --install /home/stardust/robotic_arm/build/robotic_arm
