[0.014s] Invoking command in '/home/engineer/code/rm_eng/src/robotic_arm/build/robotic_arm': CMAKE_PREFIX_PATH=${CMAKE_PREFIX_PATH}:/home/engineer/code/rm_eng/install/t265_pose_publisher:/home/engineer/code/rm_eng/install/d435i_test:/home/engineer/ros2_libs/moveit2_humble/install/moveit_configs_utils:/home/engineer/ros2_libs/moveit2_humble/install/launch_param_builder:/opt/ros/humble /usr/bin/cmake /home/engineer/code/rm_eng/src/robotic_arm -DCMAKE_INSTALL_PREFIX=/home/engineer/code/rm_eng/src/robotic_arm/install/robotic_arm
[0.080s] -- The C compiler identification is GNU 11.4.0
[0.134s] -- The CXX compiler identification is GNU 11.4.0
[0.141s] -- Detecting C compiler ABI info
[0.225s] -- Detecting C compiler ABI info - done
[0.234s] -- Check for working C compiler: /usr/bin/cc - skipped
[0.234s] -- Detecting C compile features
[0.234s] -- Detecting C compile features - done
[0.237s] -- Detecting CXX compiler ABI info
[0.330s] -- Detecting CXX compiler ABI info - done
[0.335s] -- Check for working CXX compiler: /usr/bin/c++ - skipped
[0.335s] -- Detecting CXX compile features
[0.335s] -- Detecting CXX compile features - done
[0.342s] -- Found ament_cmake: 1.3.11 (/opt/ros/humble/share/ament_cmake/cmake)
[0.481s] -- Found Python3: /usr/bin/python3 (found version "3.10.12") found components: Interpreter 
[0.619s] -- Found ament_lint_auto: 0.12.11 (/opt/ros/humble/share/ament_lint_auto/cmake)
[0.714s] -- Added test 'cppcheck' to perform static code analysis on C / C++ code
[0.714s] -- Configured cppcheck include dirs: 
[0.714s] -- Configured cppcheck exclude dirs and/or files: 
[0.717s] -- Added test 'lint_cmake' to check CMake code style
[0.722s] -- Added test 'uncrustify' to check C / C++ code style
[0.722s] -- Configured uncrustify additional arguments: 
[0.725s] -- Added test 'xmllint' to check XML markup files
[0.728s] -- Configuring done
[0.730s] -- Generating done
[0.731s] -- Build files have been written to: /home/engineer/code/rm_eng/src/robotic_arm/build/robotic_arm
[0.735s] Invoked command in '/home/engineer/code/rm_eng/src/robotic_arm/build/robotic_arm' returned '0': CMAKE_PREFIX_PATH=${CMAKE_PREFIX_PATH}:/home/engineer/code/rm_eng/install/t265_pose_publisher:/home/engineer/code/rm_eng/install/d435i_test:/home/engineer/ros2_libs/moveit2_humble/install/moveit_configs_utils:/home/engineer/ros2_libs/moveit2_humble/install/launch_param_builder:/opt/ros/humble /usr/bin/cmake /home/engineer/code/rm_eng/src/robotic_arm -DCMAKE_INSTALL_PREFIX=/home/engineer/code/rm_eng/src/robotic_arm/install/robotic_arm
[0.736s] Invoking command in '/home/engineer/code/rm_eng/src/robotic_arm/build/robotic_arm': CMAKE_PREFIX_PATH=${CMAKE_PREFIX_PATH}:/home/engineer/code/rm_eng/install/t265_pose_publisher:/home/engineer/code/rm_eng/install/d435i_test:/home/engineer/ros2_libs/moveit2_humble/install/moveit_configs_utils:/home/engineer/ros2_libs/moveit2_humble/install/launch_param_builder:/opt/ros/humble /usr/bin/cmake --build /home/engineer/code/rm_eng/src/robotic_arm/build/robotic_arm -- -j8 -l8
[0.788s] Invoked command in '/home/engineer/code/rm_eng/src/robotic_arm/build/robotic_arm' returned '0': CMAKE_PREFIX_PATH=${CMAKE_PREFIX_PATH}:/home/engineer/code/rm_eng/install/t265_pose_publisher:/home/engineer/code/rm_eng/install/d435i_test:/home/engineer/ros2_libs/moveit2_humble/install/moveit_configs_utils:/home/engineer/ros2_libs/moveit2_humble/install/launch_param_builder:/opt/ros/humble /usr/bin/cmake --build /home/engineer/code/rm_eng/src/robotic_arm/build/robotic_arm -- -j8 -l8
[0.801s] Invoking command in '/home/engineer/code/rm_eng/src/robotic_arm/build/robotic_arm': CMAKE_PREFIX_PATH=${CMAKE_PREFIX_PATH}:/home/engineer/code/rm_eng/install/t265_pose_publisher:/home/engineer/code/rm_eng/install/d435i_test:/home/engineer/ros2_libs/moveit2_humble/install/moveit_configs_utils:/home/engineer/ros2_libs/moveit2_humble/install/launch_param_builder:/opt/ros/humble /usr/bin/cmake --install /home/engineer/code/rm_eng/src/robotic_arm/build/robotic_arm
[0.811s] -- Install configuration: ""
[0.812s] -- Installing: /home/engineer/code/rm_eng/src/robotic_arm/install/robotic_arm/share/ament_index/resource_index/package_run_dependencies/robotic_arm
[0.812s] -- Installing: /home/engineer/code/rm_eng/src/robotic_arm/install/robotic_arm/share/ament_index/resource_index/parent_prefix_path/robotic_arm
[0.812s] -- Installing: /home/engineer/code/rm_eng/src/robotic_arm/install/robotic_arm/share/robotic_arm/environment/ament_prefix_path.sh
[0.812s] -- Installing: /home/engineer/code/rm_eng/src/robotic_arm/install/robotic_arm/share/robotic_arm/environment/ament_prefix_path.dsv
[0.812s] -- Installing: /home/engineer/code/rm_eng/src/robotic_arm/install/robotic_arm/share/robotic_arm/environment/path.sh
[0.812s] -- Installing: /home/engineer/code/rm_eng/src/robotic_arm/install/robotic_arm/share/robotic_arm/environment/path.dsv
[0.812s] -- Installing: /home/engineer/code/rm_eng/src/robotic_arm/install/robotic_arm/share/robotic_arm/local_setup.bash
[0.812s] -- Installing: /home/engineer/code/rm_eng/src/robotic_arm/install/robotic_arm/share/robotic_arm/local_setup.sh
[0.812s] -- Installing: /home/engineer/code/rm_eng/src/robotic_arm/install/robotic_arm/share/robotic_arm/local_setup.zsh
[0.812s] -- Installing: /home/engineer/code/rm_eng/src/robotic_arm/install/robotic_arm/share/robotic_arm/local_setup.dsv
[0.812s] -- Installing: /home/engineer/code/rm_eng/src/robotic_arm/install/robotic_arm/share/robotic_arm/package.dsv
[0.813s] -- Installing: /home/engineer/code/rm_eng/src/robotic_arm/install/robotic_arm/share/ament_index/resource_index/packages/robotic_arm
[0.813s] -- Installing: /home/engineer/code/rm_eng/src/robotic_arm/install/robotic_arm/share/robotic_arm/cmake/robotic_armConfig.cmake
[0.813s] -- Installing: /home/engineer/code/rm_eng/src/robotic_arm/install/robotic_arm/share/robotic_arm/cmake/robotic_armConfig-version.cmake
[0.813s] -- Installing: /home/engineer/code/rm_eng/src/robotic_arm/install/robotic_arm/share/robotic_arm/package.xml
[0.814s] Invoked command in '/home/engineer/code/rm_eng/src/robotic_arm/build/robotic_arm' returned '0': CMAKE_PREFIX_PATH=${CMAKE_PREFIX_PATH}:/home/engineer/code/rm_eng/install/t265_pose_publisher:/home/engineer/code/rm_eng/install/d435i_test:/home/engineer/ros2_libs/moveit2_humble/install/moveit_configs_utils:/home/engineer/ros2_libs/moveit2_humble/install/launch_param_builder:/opt/ros/humble /usr/bin/cmake --install /home/engineer/code/rm_eng/src/robotic_arm/build/robotic_arm
