[0.007s] Invoking command in '/home/stardust/robotic_arm_moveit_config/build/robotic_arm_moveit_config': CMAKE_PREFIX_PATH=${CMAKE_PREFIX_PATH}:/home/stardust/ws_moveit2/install/moveit_configs_utils:/home/stardust/ws_moveit2/install/launch_param_builder:/opt/ros/humble /usr/bin/cmake /home/stardust/robotic_arm_moveit_config -DCMAKE_INSTALL_PREFIX=/home/stardust/robotic_arm_moveit_config/install/robotic_arm_moveit_config
[0.032s] -- The C compiler identification is GNU 11.4.0
[0.054s] -- The CXX compiler identification is GNU 11.4.0
[0.057s] -- Detecting C compiler ABI info
[0.087s] -- Detecting C compiler ABI info - done
[0.090s] -- Check for working C compiler: /usr/bin/cc - skipped
[0.090s] -- Detecting C compile features
[0.090s] -- Detecting C compile features - done
[0.092s] -- Detecting CXX compiler ABI info
[0.125s] -- Detecting CXX compiler ABI info - done
[0.128s] -- Check for working CXX compiler: /usr/bin/c++ - skipped
[0.128s] -- Detecting CXX compile features
[0.128s] -- Detecting CXX compile features - done
[0.130s] -- Found ament_cmake: 1.3.10 (/opt/ros/humble/share/ament_cmake/cmake)
[0.197s] -- Found Python3: /usr/bin/python3 (found version "3.10.12") found components: Interpreter 
[0.275s] -- Configuring done
[0.276s] -- Generating done
[0.276s] -- Build files have been written to: /home/stardust/robotic_arm_moveit_config/build/robotic_arm_moveit_config
[0.278s] Invoked command in '/home/stardust/robotic_arm_moveit_config/build/robotic_arm_moveit_config' returned '0': CMAKE_PREFIX_PATH=${CMAKE_PREFIX_PATH}:/home/stardust/ws_moveit2/install/moveit_configs_utils:/home/stardust/ws_moveit2/install/launch_param_builder:/opt/ros/humble /usr/bin/cmake /home/stardust/robotic_arm_moveit_config -DCMAKE_INSTALL_PREFIX=/home/stardust/robotic_arm_moveit_config/install/robotic_arm_moveit_config
[0.279s] Invoking command in '/home/stardust/robotic_arm_moveit_config/build/robotic_arm_moveit_config': CMAKE_PREFIX_PATH=${CMAKE_PREFIX_PATH}:/home/stardust/ws_moveit2/install/moveit_configs_utils:/home/stardust/ws_moveit2/install/launch_param_builder:/opt/ros/humble /usr/bin/cmake --build /home/stardust/robotic_arm_moveit_config/build/robotic_arm_moveit_config -- -j12 -l12
[0.296s] Invoked command in '/home/stardust/robotic_arm_moveit_config/build/robotic_arm_moveit_config' returned '0': CMAKE_PREFIX_PATH=${CMAKE_PREFIX_PATH}:/home/stardust/ws_moveit2/install/moveit_configs_utils:/home/stardust/ws_moveit2/install/launch_param_builder:/opt/ros/humble /usr/bin/cmake --build /home/stardust/robotic_arm_moveit_config/build/robotic_arm_moveit_config -- -j12 -l12
[0.311s] Invoking command in '/home/stardust/robotic_arm_moveit_config/build/robotic_arm_moveit_config': CMAKE_PREFIX_PATH=${CMAKE_PREFIX_PATH}:/home/stardust/ws_moveit2/install/moveit_configs_utils:/home/stardust/ws_moveit2/install/launch_param_builder:/opt/ros/humble /usr/bin/cmake --install /home/stardust/robotic_arm_moveit_config/build/robotic_arm_moveit_config
[0.314s] -- Install configuration: ""
[0.314s] -- Installing: /home/stardust/robotic_arm_moveit_config/install/robotic_arm_moveit_config/share/ament_index/resource_index/package_run_dependencies/robotic_arm_moveit_config
[0.314s] -- Installing: /home/stardust/robotic_arm_moveit_config/install/robotic_arm_moveit_config/share/ament_index/resource_index/parent_prefix_path/robotic_arm_moveit_config
[0.314s] -- Installing: /home/stardust/robotic_arm_moveit_config/install/robotic_arm_moveit_config/share/robotic_arm_moveit_config/environment/ament_prefix_path.sh
[0.314s] -- Installing: /home/stardust/robotic_arm_moveit_config/install/robotic_arm_moveit_config/share/robotic_arm_moveit_config/environment/ament_prefix_path.dsv
[0.314s] -- Installing: /home/stardust/robotic_arm_moveit_config/install/robotic_arm_moveit_config/share/robotic_arm_moveit_config/environment/path.sh
[0.314s] -- Installing: /home/stardust/robotic_arm_moveit_config/install/robotic_arm_moveit_config/share/robotic_arm_moveit_config/environment/path.dsv
[0.314s] -- Installing: /home/stardust/robotic_arm_moveit_config/install/robotic_arm_moveit_config/share/robotic_arm_moveit_config/local_setup.bash
[0.314s] -- Installing: /home/stardust/robotic_arm_moveit_config/install/robotic_arm_moveit_config/share/robotic_arm_moveit_config/local_setup.sh
[0.314s] -- Installing: /home/stardust/robotic_arm_moveit_config/install/robotic_arm_moveit_config/share/robotic_arm_moveit_config/local_setup.zsh
[0.314s] -- Installing: /home/stardust/robotic_arm_moveit_config/install/robotic_arm_moveit_config/share/robotic_arm_moveit_config/local_setup.dsv
[0.314s] -- Installing: /home/stardust/robotic_arm_moveit_config/install/robotic_arm_moveit_config/share/robotic_arm_moveit_config/package.dsv
[0.314s] -- Installing: /home/stardust/robotic_arm_moveit_config/install/robotic_arm_moveit_config/share/ament_index/resource_index/packages/robotic_arm_moveit_config
[0.314s] -- Installing: /home/stardust/robotic_arm_moveit_config/install/robotic_arm_moveit_config/share/robotic_arm_moveit_config/cmake/robotic_arm_moveit_configConfig.cmake
[0.314s] -- Installing: /home/stardust/robotic_arm_moveit_config/install/robotic_arm_moveit_config/share/robotic_arm_moveit_config/cmake/robotic_arm_moveit_configConfig-version.cmake
[0.314s] -- Installing: /home/stardust/robotic_arm_moveit_config/install/robotic_arm_moveit_config/share/robotic_arm_moveit_config/package.xml
[0.314s] -- Installing: /home/stardust/robotic_arm_moveit_config/install/robotic_arm_moveit_config/share/robotic_arm_moveit_config/launch
[0.314s] -- Installing: /home/stardust/robotic_arm_moveit_config/install/robotic_arm_moveit_config/share/robotic_arm_moveit_config/launch/static_virtual_joint_tfs.launch.py
[0.314s] -- Installing: /home/stardust/robotic_arm_moveit_config/install/robotic_arm_moveit_config/share/robotic_arm_moveit_config/launch/setup_assistant.launch.py
[0.314s] -- Installing: /home/stardust/robotic_arm_moveit_config/install/robotic_arm_moveit_config/share/robotic_arm_moveit_config/launch/moveit_rviz.launch.py
[0.314s] -- Installing: /home/stardust/robotic_arm_moveit_config/install/robotic_arm_moveit_config/share/robotic_arm_moveit_config/launch/demo.launch.py
[0.314s] -- Installing: /home/stardust/robotic_arm_moveit_config/install/robotic_arm_moveit_config/share/robotic_arm_moveit_config/launch/spawn_controllers.launch.py
[0.314s] -- Installing: /home/stardust/robotic_arm_moveit_config/install/robotic_arm_moveit_config/share/robotic_arm_moveit_config/launch/move_group.launch.py
[0.314s] -- Installing: /home/stardust/robotic_arm_moveit_config/install/robotic_arm_moveit_config/share/robotic_arm_moveit_config/launch/warehouse_db.launch.py
[0.314s] -- Installing: /home/stardust/robotic_arm_moveit_config/install/robotic_arm_moveit_config/share/robotic_arm_moveit_config/launch/rsp.launch.py
[0.314s] -- Installing: /home/stardust/robotic_arm_moveit_config/install/robotic_arm_moveit_config/share/robotic_arm_moveit_config/config
[0.314s] -- Installing: /home/stardust/robotic_arm_moveit_config/install/robotic_arm_moveit_config/share/robotic_arm_moveit_config/config/ros2_controllers.yaml
[0.314s] -- Installing: /home/stardust/robotic_arm_moveit_config/install/robotic_arm_moveit_config/share/robotic_arm_moveit_config/config/moveit.rviz
[0.314s] -- Installing: /home/stardust/robotic_arm_moveit_config/install/robotic_arm_moveit_config/share/robotic_arm_moveit_config/config/robotic_arm.ros2_control.xacro
[0.314s] -- Installing: /home/stardust/robotic_arm_moveit_config/install/robotic_arm_moveit_config/share/robotic_arm_moveit_config/config/kinematics.yaml
[0.314s] -- Installing: /home/stardust/robotic_arm_moveit_config/install/robotic_arm_moveit_config/share/robotic_arm_moveit_config/config/pilz_cartesian_limits.yaml
[0.314s] -- Installing: /home/stardust/robotic_arm_moveit_config/install/robotic_arm_moveit_config/share/robotic_arm_moveit_config/config/moveit_controllers.yaml
[0.314s] -- Installing: /home/stardust/robotic_arm_moveit_config/install/robotic_arm_moveit_config/share/robotic_arm_moveit_config/config/robotic_arm.srdf
[0.315s] -- Installing: /home/stardust/robotic_arm_moveit_config/install/robotic_arm_moveit_config/share/robotic_arm_moveit_config/config/robotic_arm.urdf.xacro
[0.315s] -- Installing: /home/stardust/robotic_arm_moveit_config/install/robotic_arm_moveit_config/share/robotic_arm_moveit_config/config/joint_limits.yaml
[0.315s] -- Installing: /home/stardust/robotic_arm_moveit_config/install/robotic_arm_moveit_config/share/robotic_arm_moveit_config/config/initial_positions.yaml
[0.315s] -- Installing: /home/stardust/robotic_arm_moveit_config/install/robotic_arm_moveit_config/share/robotic_arm_moveit_config/.setup_assistant
[0.315s] Invoked command in '/home/stardust/robotic_arm_moveit_config/build/robotic_arm_moveit_config' returned '0': CMAKE_PREFIX_PATH=${CMAKE_PREFIX_PATH}:/home/stardust/ws_moveit2/install/moveit_configs_utils:/home/stardust/ws_moveit2/install/launch_param_builder:/opt/ros/humble /usr/bin/cmake --install /home/stardust/robotic_arm_moveit_config/build/robotic_arm_moveit_config
