[0.014s] Invoking command in '/home/engineer/code/rm_eng/src/robotic_arm_moveit_config/build/robotic_arm_moveit_config': CMAKE_PREFIX_PATH=${CMAKE_PREFIX_PATH}:/home/engineer/ros2_libs/moveit2_humble/install/moveit_configs_utils:/home/engineer/ros2_libs/moveit2_humble/install/launch_param_builder:/opt/ros/humble /usr/bin/cmake /home/engineer/code/rm_eng/src/robotic_arm_moveit_config -DCMAKE_INSTALL_PREFIX=/home/engineer/code/rm_eng/src/robotic_arm_moveit_config/install/robotic_arm_moveit_config
[0.109s] -- The C compiler identification is GNU 11.4.0
[0.185s] -- The CXX compiler identification is GNU 11.4.0
[0.193s] -- Detecting C compiler ABI info
[0.266s] -- Detecting C compiler ABI info - done
[0.271s] -- Check for working C compiler: /usr/bin/cc - skipped
[0.272s] -- Detecting C compile features
[0.272s] -- Detecting C compile features - done
[0.275s] -- Detecting CXX compiler ABI info
[0.355s] -- Detecting CXX compiler ABI info - done
[0.363s] -- Check for working CXX compiler: /usr/bin/c++ - skipped
[0.363s] -- Detecting CXX compile features
[0.364s] -- Detecting CXX compile features - done
[0.377s] -- Found ament_cmake: 1.3.11 (/opt/ros/humble/share/ament_cmake/cmake)
[0.512s] -- Found Python3: /usr/bin/python3 (found version "3.10.12") found components: Interpreter 
[0.703s] -- Configuring done
[0.705s] -- Generating done
[0.707s] -- Build files have been written to: /home/engineer/code/rm_eng/src/robotic_arm_moveit_config/build/robotic_arm_moveit_config
[0.710s] Invoked command in '/home/engineer/code/rm_eng/src/robotic_arm_moveit_config/build/robotic_arm_moveit_config' returned '0': CMAKE_PREFIX_PATH=${CMAKE_PREFIX_PATH}:/home/engineer/ros2_libs/moveit2_humble/install/moveit_configs_utils:/home/engineer/ros2_libs/moveit2_humble/install/launch_param_builder:/opt/ros/humble /usr/bin/cmake /home/engineer/code/rm_eng/src/robotic_arm_moveit_config -DCMAKE_INSTALL_PREFIX=/home/engineer/code/rm_eng/src/robotic_arm_moveit_config/install/robotic_arm_moveit_config
[0.711s] Invoking command in '/home/engineer/code/rm_eng/src/robotic_arm_moveit_config/build/robotic_arm_moveit_config': CMAKE_PREFIX_PATH=${CMAKE_PREFIX_PATH}:/home/engineer/ros2_libs/moveit2_humble/install/moveit_configs_utils:/home/engineer/ros2_libs/moveit2_humble/install/launch_param_builder:/opt/ros/humble /usr/bin/cmake --build /home/engineer/code/rm_eng/src/robotic_arm_moveit_config/build/robotic_arm_moveit_config -- -j8 -l8
[0.753s] Invoked command in '/home/engineer/code/rm_eng/src/robotic_arm_moveit_config/build/robotic_arm_moveit_config' returned '0': CMAKE_PREFIX_PATH=${CMAKE_PREFIX_PATH}:/home/engineer/ros2_libs/moveit2_humble/install/moveit_configs_utils:/home/engineer/ros2_libs/moveit2_humble/install/launch_param_builder:/opt/ros/humble /usr/bin/cmake --build /home/engineer/code/rm_eng/src/robotic_arm_moveit_config/build/robotic_arm_moveit_config -- -j8 -l8
[0.763s] Invoking command in '/home/engineer/code/rm_eng/src/robotic_arm_moveit_config/build/robotic_arm_moveit_config': CMAKE_PREFIX_PATH=${CMAKE_PREFIX_PATH}:/home/engineer/ros2_libs/moveit2_humble/install/moveit_configs_utils:/home/engineer/ros2_libs/moveit2_humble/install/launch_param_builder:/opt/ros/humble /usr/bin/cmake --install /home/engineer/code/rm_eng/src/robotic_arm_moveit_config/build/robotic_arm_moveit_config
[0.772s] -- Install configuration: ""
[0.772s] -- Installing: /home/engineer/code/rm_eng/src/robotic_arm_moveit_config/install/robotic_arm_moveit_config/share/ament_index/resource_index/package_run_dependencies/robotic_arm_moveit_config
[0.772s] -- Installing: /home/engineer/code/rm_eng/src/robotic_arm_moveit_config/install/robotic_arm_moveit_config/share/ament_index/resource_index/parent_prefix_path/robotic_arm_moveit_config
[0.772s] -- Installing: /home/engineer/code/rm_eng/src/robotic_arm_moveit_config/install/robotic_arm_moveit_config/share/robotic_arm_moveit_config/environment/ament_prefix_path.sh
[0.772s] -- Installing: /home/engineer/code/rm_eng/src/robotic_arm_moveit_config/install/robotic_arm_moveit_config/share/robotic_arm_moveit_config/environment/ament_prefix_path.dsv
[0.773s] -- Installing: /home/engineer/code/rm_eng/src/robotic_arm_moveit_config/install/robotic_arm_moveit_config/share/robotic_arm_moveit_config/environment/path.sh
[0.773s] -- Installing: /home/engineer/code/rm_eng/src/robotic_arm_moveit_config/install/robotic_arm_moveit_config/share/robotic_arm_moveit_config/environment/path.dsv
[0.773s] -- Installing: /home/engineer/code/rm_eng/src/robotic_arm_moveit_config/install/robotic_arm_moveit_config/share/robotic_arm_moveit_config/local_setup.bash
[0.773s] -- Installing: /home/engineer/code/rm_eng/src/robotic_arm_moveit_config/install/robotic_arm_moveit_config/share/robotic_arm_moveit_config/local_setup.sh
[0.773s] -- Installing: /home/engineer/code/rm_eng/src/robotic_arm_moveit_config/install/robotic_arm_moveit_config/share/robotic_arm_moveit_config/local_setup.zsh
[0.773s] -- Installing: /home/engineer/code/rm_eng/src/robotic_arm_moveit_config/install/robotic_arm_moveit_config/share/robotic_arm_moveit_config/local_setup.dsv
[0.773s] -- Installing: /home/engineer/code/rm_eng/src/robotic_arm_moveit_config/install/robotic_arm_moveit_config/share/robotic_arm_moveit_config/package.dsv
[0.773s] -- Installing: /home/engineer/code/rm_eng/src/robotic_arm_moveit_config/install/robotic_arm_moveit_config/share/ament_index/resource_index/packages/robotic_arm_moveit_config
[0.773s] -- Installing: /home/engineer/code/rm_eng/src/robotic_arm_moveit_config/install/robotic_arm_moveit_config/share/robotic_arm_moveit_config/cmake/robotic_arm_moveit_configConfig.cmake
[0.773s] -- Installing: /home/engineer/code/rm_eng/src/robotic_arm_moveit_config/install/robotic_arm_moveit_config/share/robotic_arm_moveit_config/cmake/robotic_arm_moveit_configConfig-version.cmake
[0.774s] -- Installing: /home/engineer/code/rm_eng/src/robotic_arm_moveit_config/install/robotic_arm_moveit_config/share/robotic_arm_moveit_config/package.xml
[0.774s] -- Installing: /home/engineer/code/rm_eng/src/robotic_arm_moveit_config/install/robotic_arm_moveit_config/share/robotic_arm_moveit_config/launch
[0.774s] -- Installing: /home/engineer/code/rm_eng/src/robotic_arm_moveit_config/install/robotic_arm_moveit_config/share/robotic_arm_moveit_config/launch/warehouse_db.launch.py
[0.774s] -- Installing: /home/engineer/code/rm_eng/src/robotic_arm_moveit_config/install/robotic_arm_moveit_config/share/robotic_arm_moveit_config/launch/demo.launch.py
[0.774s] -- Installing: /home/engineer/code/rm_eng/src/robotic_arm_moveit_config/install/robotic_arm_moveit_config/share/robotic_arm_moveit_config/launch/move_group.launch.py
[0.774s] -- Installing: /home/engineer/code/rm_eng/src/robotic_arm_moveit_config/install/robotic_arm_moveit_config/share/robotic_arm_moveit_config/launch/rsp.launch.py
[0.774s] -- Installing: /home/engineer/code/rm_eng/src/robotic_arm_moveit_config/install/robotic_arm_moveit_config/share/robotic_arm_moveit_config/launch/static_virtual_joint_tfs.launch.py
[0.774s] -- Installing: /home/engineer/code/rm_eng/src/robotic_arm_moveit_config/install/robotic_arm_moveit_config/share/robotic_arm_moveit_config/launch/setup_assistant.launch.py
[0.774s] -- Installing: /home/engineer/code/rm_eng/src/robotic_arm_moveit_config/install/robotic_arm_moveit_config/share/robotic_arm_moveit_config/launch/moveit_rviz.launch.py
[0.774s] -- Installing: /home/engineer/code/rm_eng/src/robotic_arm_moveit_config/install/robotic_arm_moveit_config/share/robotic_arm_moveit_config/launch/spawn_controllers.launch.py
[0.774s] -- Installing: /home/engineer/code/rm_eng/src/robotic_arm_moveit_config/install/robotic_arm_moveit_config/share/robotic_arm_moveit_config/config
[0.774s] -- Installing: /home/engineer/code/rm_eng/src/robotic_arm_moveit_config/install/robotic_arm_moveit_config/share/robotic_arm_moveit_config/config/robotic_arm.ros2_control.xacro
[0.775s] -- Installing: /home/engineer/code/rm_eng/src/robotic_arm_moveit_config/install/robotic_arm_moveit_config/share/robotic_arm_moveit_config/config/kinematics.yaml
[0.775s] -- Installing: /home/engineer/code/rm_eng/src/robotic_arm_moveit_config/install/robotic_arm_moveit_config/share/robotic_arm_moveit_config/config/robotic_arm.urdf.xacro
[0.775s] -- Installing: /home/engineer/code/rm_eng/src/robotic_arm_moveit_config/install/robotic_arm_moveit_config/share/robotic_arm_moveit_config/config/moveit.rviz
[0.775s] -- Installing: /home/engineer/code/rm_eng/src/robotic_arm_moveit_config/install/robotic_arm_moveit_config/share/robotic_arm_moveit_config/config/robotic_arm.srdf
[0.775s] -- Installing: /home/engineer/code/rm_eng/src/robotic_arm_moveit_config/install/robotic_arm_moveit_config/share/robotic_arm_moveit_config/config/pilz_cartesian_limits.yaml
[0.775s] -- Installing: /home/engineer/code/rm_eng/src/robotic_arm_moveit_config/install/robotic_arm_moveit_config/share/robotic_arm_moveit_config/config/ros2_controllers.yaml
[0.775s] -- Installing: /home/engineer/code/rm_eng/src/robotic_arm_moveit_config/install/robotic_arm_moveit_config/share/robotic_arm_moveit_config/config/moveit_controllers.yaml
[0.775s] -- Installing: /home/engineer/code/rm_eng/src/robotic_arm_moveit_config/install/robotic_arm_moveit_config/share/robotic_arm_moveit_config/config/initial_positions.yaml
[0.775s] -- Installing: /home/engineer/code/rm_eng/src/robotic_arm_moveit_config/install/robotic_arm_moveit_config/share/robotic_arm_moveit_config/config/joint_limits.yaml
[0.775s] -- Installing: /home/engineer/code/rm_eng/src/robotic_arm_moveit_config/install/robotic_arm_moveit_config/share/robotic_arm_moveit_config/.setup_assistant
[0.777s] Invoked command in '/home/engineer/code/rm_eng/src/robotic_arm_moveit_config/build/robotic_arm_moveit_config' returned '0': CMAKE_PREFIX_PATH=${CMAKE_PREFIX_PATH}:/home/engineer/ros2_libs/moveit2_humble/install/moveit_configs_utils:/home/engineer/ros2_libs/moveit2_humble/install/launch_param_builder:/opt/ros/humble /usr/bin/cmake --install /home/engineer/code/rm_eng/src/robotic_arm_moveit_config/build/robotic_arm_moveit_config
