[0.059s] DEBUG:colcon:Command line arguments: ['/usr/bin/colcon', 'build']
[0.059s] DEBUG:colcon:Parsed command line arguments: Namespace(log_base=None, log_level=None, verb_name='build', build_base='build', install_base='install', merge_install=False, symlink_install=False, test_result_base=None, continue_on_error=False, executor='parallel', parallel_workers=12, event_handlers=None, ignore_user_meta=False, metas=['./colcon.meta'], base_paths=['.'], packages_ignore=None, packages_ignore_regex=None, paths=None, packages_up_to=None, packages_up_to_regex=None, packages_above=None, packages_above_and_dependencies=None, packages_above_depth=None, packages_select_by_dep=None, packages_skip_by_dep=None, packages_skip_up_to=None, packages_select_build_failed=False, packages_skip_build_finished=False, packages_select_test_failures=False, packages_skip_test_passed=False, packages_select=None, packages_skip=None, packages_select_regex=None, packages_skip_regex=None, packages_start=None, packages_end=None, allow_overriding=[], cmake_args=None, cmake_target=None, cmake_target_skip_unavailable=False, cmake_clean_cache=False, cmake_clean_first=False, cmake_force_configure=False, ament_cmake_args=None, catkin_cmake_args=None, catkin_skip_building_tests=False, mixin_files=None, mixin=None, verb_parser=<colcon_mixin.mixin.mixin_argument.MixinArgumentDecorator object at 0x7e7bd9df3d60>, verb_extension=<colcon_core.verb.build.BuildVerb object at 0x7e7bd9df3820>, main=<bound method BuildVerb.main of <colcon_core.verb.build.BuildVerb object at 0x7e7bd9df3820>>, mixin_verb=('build',))
[0.136s] Level 1:colcon.colcon_core.package_discovery:discover_packages(colcon_meta) check parameters
[0.136s] Level 1:colcon.colcon_core.package_discovery:discover_packages(recursive) check parameters
[0.136s] Level 1:colcon.colcon_core.package_discovery:discover_packages(ignore) check parameters
[0.136s] Level 1:colcon.colcon_core.package_discovery:discover_packages(path) check parameters
[0.136s] Level 1:colcon.colcon_core.package_discovery:discover_packages(colcon_meta) discover
[0.136s] Level 1:colcon.colcon_core.package_discovery:discover_packages(recursive) discover
[0.136s] INFO:colcon.colcon_core.package_discovery:Crawling recursively for packages in '/home/stardust/robotic_arm_moveit_config'
[0.136s] Level 1:colcon.colcon_core.package_identification:_identify(.) by extensions ['ignore', 'ignore_ament_install']
[0.136s] Level 1:colcon.colcon_core.package_identification:_identify(.) by extension 'ignore'
[0.136s] Level 1:colcon.colcon_core.package_identification:_identify(.) by extension 'ignore_ament_install'
[0.136s] Level 1:colcon.colcon_core.package_identification:_identify(.) by extensions ['colcon_pkg']
[0.136s] Level 1:colcon.colcon_core.package_identification:_identify(.) by extension 'colcon_pkg'
[0.136s] Level 1:colcon.colcon_core.package_identification:_identify(.) by extensions ['colcon_meta']
[0.136s] Level 1:colcon.colcon_core.package_identification:_identify(.) by extension 'colcon_meta'
[0.136s] Level 1:colcon.colcon_core.package_identification:_identify(.) by extensions ['ros']
[0.136s] Level 1:colcon.colcon_core.package_identification:_identify(.) by extension 'ros'
[0.143s] DEBUG:colcon.colcon_core.package_identification:Package '.' with type 'ros.ament_cmake' and name 'robotic_arm_moveit_config'
[0.143s] Level 1:colcon.colcon_core.package_discovery:discover_packages(recursive) using defaults
[0.143s] Level 1:colcon.colcon_core.package_discovery:discover_packages(ignore) discover
[0.143s] Level 1:colcon.colcon_core.package_discovery:discover_packages(ignore) using defaults
[0.143s] Level 1:colcon.colcon_core.package_discovery:discover_packages(path) discover
[0.143s] Level 1:colcon.colcon_core.package_discovery:discover_packages(path) using defaults
[0.159s] Level 1:colcon.colcon_core.package_discovery:discover_packages(prefix_path) check parameters
[0.159s] Level 1:colcon.colcon_core.package_discovery:discover_packages(prefix_path) discover
[0.160s] DEBUG:colcon.colcon_installed_package_information.package_discovery:Found 1 installed packages in /home/stardust/robotic_arm/install
[0.161s] DEBUG:colcon.colcon_installed_package_information.package_discovery:Found 55 installed packages in /home/stardust/ws_moveit2/install
[0.162s] DEBUG:colcon.colcon_installed_package_information.package_discovery:Found 331 installed packages in /opt/ros/humble
[0.163s] Level 1:colcon.colcon_core.package_discovery:discover_packages(prefix_path) using defaults
[0.183s] Level 5:colcon.colcon_core.verb:set package 'robotic_arm_moveit_config' build argument 'cmake_args' from command line to 'None'
[0.183s] Level 5:colcon.colcon_core.verb:set package 'robotic_arm_moveit_config' build argument 'cmake_target' from command line to 'None'
[0.183s] Level 5:colcon.colcon_core.verb:set package 'robotic_arm_moveit_config' build argument 'cmake_target_skip_unavailable' from command line to 'False'
[0.183s] Level 5:colcon.colcon_core.verb:set package 'robotic_arm_moveit_config' build argument 'cmake_clean_cache' from command line to 'False'
[0.183s] Level 5:colcon.colcon_core.verb:set package 'robotic_arm_moveit_config' build argument 'cmake_clean_first' from command line to 'False'
[0.183s] Level 5:colcon.colcon_core.verb:set package 'robotic_arm_moveit_config' build argument 'cmake_force_configure' from command line to 'False'
[0.183s] Level 5:colcon.colcon_core.verb:set package 'robotic_arm_moveit_config' build argument 'ament_cmake_args' from command line to 'None'
[0.183s] Level 5:colcon.colcon_core.verb:set package 'robotic_arm_moveit_config' build argument 'catkin_cmake_args' from command line to 'None'
[0.183s] Level 5:colcon.colcon_core.verb:set package 'robotic_arm_moveit_config' build argument 'catkin_skip_building_tests' from command line to 'False'
[0.183s] DEBUG:colcon.colcon_core.verb:Building package 'robotic_arm_moveit_config' with the following arguments: {'ament_cmake_args': None, 'build_base': '/home/stardust/robotic_arm_moveit_config/build/robotic_arm_moveit_config', 'catkin_cmake_args': None, 'catkin_skip_building_tests': False, 'cmake_args': None, 'cmake_clean_cache': False, 'cmake_clean_first': False, 'cmake_force_configure': False, 'cmake_target': None, 'cmake_target_skip_unavailable': False, 'install_base': '/home/stardust/robotic_arm_moveit_config/install/robotic_arm_moveit_config', 'merge_install': False, 'path': '/home/stardust/robotic_arm_moveit_config', 'symlink_install': False, 'test_result_base': None}
[0.183s] INFO:colcon.colcon_core.executor:Executing jobs using 'parallel' executor
[0.184s] DEBUG:colcon.colcon_parallel_executor.executor.parallel:run_until_complete
[0.184s] INFO:colcon.colcon_ros.task.ament_cmake.build:Building ROS package in '/home/stardust/robotic_arm_moveit_config' with build type 'ament_cmake'
[0.184s] INFO:colcon.colcon_cmake.task.cmake.build:Building CMake package in '/home/stardust/robotic_arm_moveit_config'
[0.185s] INFO:colcon.colcon_core.plugin_system:Skipping extension 'colcon_core.shell.bat': Not used on non-Windows systems
[0.185s] INFO:colcon.colcon_core.shell:Skip shell extension 'powershell' for command environment: Not usable outside of PowerShell
[0.185s] DEBUG:colcon.colcon_core.shell:Skip shell extension 'dsv' for command environment
[0.191s] DEBUG:colcon.colcon_core.event_handler.log_command:Invoking command in '/home/stardust/robotic_arm_moveit_config/build/robotic_arm_moveit_config': CMAKE_PREFIX_PATH=${CMAKE_PREFIX_PATH}:/home/stardust/ws_moveit2/install/moveit_configs_utils:/home/stardust/ws_moveit2/install/launch_param_builder:/opt/ros/humble /usr/bin/cmake /home/stardust/robotic_arm_moveit_config -DCMAKE_INSTALL_PREFIX=/home/stardust/robotic_arm_moveit_config/install/robotic_arm_moveit_config
[0.462s] DEBUG:colcon.colcon_core.event_handler.log_command:Invoked command in '/home/stardust/robotic_arm_moveit_config/build/robotic_arm_moveit_config' returned '0': CMAKE_PREFIX_PATH=${CMAKE_PREFIX_PATH}:/home/stardust/ws_moveit2/install/moveit_configs_utils:/home/stardust/ws_moveit2/install/launch_param_builder:/opt/ros/humble /usr/bin/cmake /home/stardust/robotic_arm_moveit_config -DCMAKE_INSTALL_PREFIX=/home/stardust/robotic_arm_moveit_config/install/robotic_arm_moveit_config
[0.463s] DEBUG:colcon.colcon_core.event_handler.log_command:Invoking command in '/home/stardust/robotic_arm_moveit_config/build/robotic_arm_moveit_config': CMAKE_PREFIX_PATH=${CMAKE_PREFIX_PATH}:/home/stardust/ws_moveit2/install/moveit_configs_utils:/home/stardust/ws_moveit2/install/launch_param_builder:/opt/ros/humble /usr/bin/cmake --build /home/stardust/robotic_arm_moveit_config/build/robotic_arm_moveit_config -- -j12 -l12
[0.480s] DEBUG:colcon.colcon_core.event_handler.log_command:Invoked command in '/home/stardust/robotic_arm_moveit_config/build/robotic_arm_moveit_config' returned '0': CMAKE_PREFIX_PATH=${CMAKE_PREFIX_PATH}:/home/stardust/ws_moveit2/install/moveit_configs_utils:/home/stardust/ws_moveit2/install/launch_param_builder:/opt/ros/humble /usr/bin/cmake --build /home/stardust/robotic_arm_moveit_config/build/robotic_arm_moveit_config -- -j12 -l12
[0.495s] DEBUG:colcon.colcon_core.event_handler.log_command:Invoking command in '/home/stardust/robotic_arm_moveit_config/build/robotic_arm_moveit_config': CMAKE_PREFIX_PATH=${CMAKE_PREFIX_PATH}:/home/stardust/ws_moveit2/install/moveit_configs_utils:/home/stardust/ws_moveit2/install/launch_param_builder:/opt/ros/humble /usr/bin/cmake --install /home/stardust/robotic_arm_moveit_config/build/robotic_arm_moveit_config
[0.499s] Level 1:colcon.colcon_core.environment:create_environment_scripts_only(robotic_arm_moveit_config)
[0.499s] DEBUG:colcon.colcon_core.event_handler.log_command:Invoked command in '/home/stardust/robotic_arm_moveit_config/build/robotic_arm_moveit_config' returned '0': CMAKE_PREFIX_PATH=${CMAKE_PREFIX_PATH}:/home/stardust/ws_moveit2/install/moveit_configs_utils:/home/stardust/ws_moveit2/install/launch_param_builder:/opt/ros/humble /usr/bin/cmake --install /home/stardust/robotic_arm_moveit_config/build/robotic_arm_moveit_config
[0.500s] Level 1:colcon.colcon_core.environment:checking '/home/stardust/robotic_arm_moveit_config/install/robotic_arm_moveit_config' for CMake module files
[0.500s] Level 1:colcon.colcon_core.environment:checking '/home/stardust/robotic_arm_moveit_config/install/robotic_arm_moveit_config' for CMake config files
[0.500s] Level 1:colcon.colcon_core.shell:create_environment_hook('robotic_arm_moveit_config', 'cmake_prefix_path')
[0.500s] INFO:colcon.colcon_core.shell:Creating environment hook '/home/stardust/robotic_arm_moveit_config/install/robotic_arm_moveit_config/share/robotic_arm_moveit_config/hook/cmake_prefix_path.ps1'
[0.501s] INFO:colcon.colcon_core.shell:Creating environment descriptor '/home/stardust/robotic_arm_moveit_config/install/robotic_arm_moveit_config/share/robotic_arm_moveit_config/hook/cmake_prefix_path.dsv'
[0.501s] INFO:colcon.colcon_core.shell:Creating environment hook '/home/stardust/robotic_arm_moveit_config/install/robotic_arm_moveit_config/share/robotic_arm_moveit_config/hook/cmake_prefix_path.sh'
[0.501s] Level 1:colcon.colcon_core.environment:checking '/home/stardust/robotic_arm_moveit_config/install/robotic_arm_moveit_config/bin'
[0.501s] Level 1:colcon.colcon_core.environment:checking '/home/stardust/robotic_arm_moveit_config/install/robotic_arm_moveit_config/lib/pkgconfig/robotic_arm_moveit_config.pc'
[0.501s] Level 1:colcon.colcon_core.environment:checking '/home/stardust/robotic_arm_moveit_config/install/robotic_arm_moveit_config/lib/python3.10/site-packages'
[0.501s] Level 1:colcon.colcon_core.environment:checking '/home/stardust/robotic_arm_moveit_config/install/robotic_arm_moveit_config/bin'
[0.501s] INFO:colcon.colcon_core.shell:Creating package script '/home/stardust/robotic_arm_moveit_config/install/robotic_arm_moveit_config/share/robotic_arm_moveit_config/package.ps1'
[0.502s] INFO:colcon.colcon_core.shell:Creating package descriptor '/home/stardust/robotic_arm_moveit_config/install/robotic_arm_moveit_config/share/robotic_arm_moveit_config/package.dsv'
[0.502s] INFO:colcon.colcon_core.shell:Creating package script '/home/stardust/robotic_arm_moveit_config/install/robotic_arm_moveit_config/share/robotic_arm_moveit_config/package.sh'
[0.502s] INFO:colcon.colcon_core.shell:Creating package script '/home/stardust/robotic_arm_moveit_config/install/robotic_arm_moveit_config/share/robotic_arm_moveit_config/package.bash'
[0.502s] INFO:colcon.colcon_core.shell:Creating package script '/home/stardust/robotic_arm_moveit_config/install/robotic_arm_moveit_config/share/robotic_arm_moveit_config/package.zsh'
[0.503s] Level 1:colcon.colcon_core.environment:create_file_with_runtime_dependencies(/home/stardust/robotic_arm_moveit_config/install/robotic_arm_moveit_config/share/colcon-core/packages/robotic_arm_moveit_config)
[0.514s] Level 1:colcon.colcon_core.environment:create_environment_scripts_only(robotic_arm_moveit_config)
[0.514s] Level 1:colcon.colcon_core.environment:checking '/home/stardust/robotic_arm_moveit_config/install/robotic_arm_moveit_config' for CMake module files
[0.514s] Level 1:colcon.colcon_core.environment:checking '/home/stardust/robotic_arm_moveit_config/install/robotic_arm_moveit_config' for CMake config files
[0.514s] Level 1:colcon.colcon_core.shell:create_environment_hook('robotic_arm_moveit_config', 'cmake_prefix_path')
[0.514s] INFO:colcon.colcon_core.shell:Creating environment hook '/home/stardust/robotic_arm_moveit_config/install/robotic_arm_moveit_config/share/robotic_arm_moveit_config/hook/cmake_prefix_path.ps1'
[0.514s] INFO:colcon.colcon_core.shell:Creating environment descriptor '/home/stardust/robotic_arm_moveit_config/install/robotic_arm_moveit_config/share/robotic_arm_moveit_config/hook/cmake_prefix_path.dsv'
[0.514s] INFO:colcon.colcon_core.shell:Creating environment hook '/home/stardust/robotic_arm_moveit_config/install/robotic_arm_moveit_config/share/robotic_arm_moveit_config/hook/cmake_prefix_path.sh'
[0.515s] Level 1:colcon.colcon_core.environment:checking '/home/stardust/robotic_arm_moveit_config/install/robotic_arm_moveit_config/bin'
[0.515s] Level 1:colcon.colcon_core.environment:checking '/home/stardust/robotic_arm_moveit_config/install/robotic_arm_moveit_config/lib/pkgconfig/robotic_arm_moveit_config.pc'
[0.515s] Level 1:colcon.colcon_core.environment:checking '/home/stardust/robotic_arm_moveit_config/install/robotic_arm_moveit_config/lib/python3.10/site-packages'
[0.515s] Level 1:colcon.colcon_core.environment:checking '/home/stardust/robotic_arm_moveit_config/install/robotic_arm_moveit_config/bin'
[0.515s] INFO:colcon.colcon_core.shell:Creating package script '/home/stardust/robotic_arm_moveit_config/install/robotic_arm_moveit_config/share/robotic_arm_moveit_config/package.ps1'
[0.515s] INFO:colcon.colcon_core.shell:Creating package descriptor '/home/stardust/robotic_arm_moveit_config/install/robotic_arm_moveit_config/share/robotic_arm_moveit_config/package.dsv'
[0.515s] INFO:colcon.colcon_core.shell:Creating package script '/home/stardust/robotic_arm_moveit_config/install/robotic_arm_moveit_config/share/robotic_arm_moveit_config/package.sh'
[0.515s] INFO:colcon.colcon_core.shell:Creating package script '/home/stardust/robotic_arm_moveit_config/install/robotic_arm_moveit_config/share/robotic_arm_moveit_config/package.bash'
[0.515s] INFO:colcon.colcon_core.shell:Creating package script '/home/stardust/robotic_arm_moveit_config/install/robotic_arm_moveit_config/share/robotic_arm_moveit_config/package.zsh'
[0.516s] Level 1:colcon.colcon_core.environment:create_file_with_runtime_dependencies(/home/stardust/robotic_arm_moveit_config/install/robotic_arm_moveit_config/share/colcon-core/packages/robotic_arm_moveit_config)
[0.516s] DEBUG:colcon.colcon_parallel_executor.executor.parallel:closing loop
[0.516s] DEBUG:colcon.colcon_parallel_executor.executor.parallel:loop closed
[0.516s] DEBUG:colcon.colcon_parallel_executor.executor.parallel:run_until_complete finished with '0'
[0.516s] DEBUG:colcon.colcon_core.event_reactor:joining thread
[0.518s] INFO:colcon.colcon_core.plugin_system:Skipping extension 'colcon_notification.desktop_notification.terminal_notifier': Not used on non-Darwin systems
[0.518s] INFO:colcon.colcon_core.plugin_system:Skipping extension 'colcon_notification.desktop_notification.win32': Not used on non-Windows systems
[0.518s] INFO:colcon.colcon_notification.desktop_notification:Sending desktop notification using 'notify2'
[0.522s] DEBUG:colcon.colcon_core.event_reactor:joined thread
[0.523s] INFO:colcon.colcon_core.shell:Creating prefix script '/home/stardust/robotic_arm_moveit_config/install/local_setup.ps1'
[0.523s] INFO:colcon.colcon_core.shell:Creating prefix util module '/home/stardust/robotic_arm_moveit_config/install/_local_setup_util_ps1.py'
[0.523s] INFO:colcon.colcon_core.shell:Creating prefix chain script '/home/stardust/robotic_arm_moveit_config/install/setup.ps1'
[0.524s] INFO:colcon.colcon_core.shell:Creating prefix script '/home/stardust/robotic_arm_moveit_config/install/local_setup.sh'
[0.525s] INFO:colcon.colcon_core.shell:Creating prefix util module '/home/stardust/robotic_arm_moveit_config/install/_local_setup_util_sh.py'
[0.525s] INFO:colcon.colcon_core.shell:Creating prefix chain script '/home/stardust/robotic_arm_moveit_config/install/setup.sh'
[0.525s] INFO:colcon.colcon_core.shell:Creating prefix script '/home/stardust/robotic_arm_moveit_config/install/local_setup.bash'
[0.526s] INFO:colcon.colcon_core.shell:Creating prefix chain script '/home/stardust/robotic_arm_moveit_config/install/setup.bash'
[0.526s] INFO:colcon.colcon_core.shell:Creating prefix script '/home/stardust/robotic_arm_moveit_config/install/local_setup.zsh'
[0.526s] INFO:colcon.colcon_core.shell:Creating prefix chain script '/home/stardust/robotic_arm_moveit_config/install/setup.zsh'
