[0.012s] Invoking command in '/home/dji/rm_arm_moveit_config/build/rm_arm_moveit_config': CMAKE_PREFIX_PATH=${CMAKE_PREFIX_PATH}:/home/dji/ws_moveit2/install/moveit_configs_utils:/home/dji/ws_moveit2/install/launch_param_builder:/opt/ros/humble /usr/bin/cmake --build /home/dji/rm_arm_moveit_config/build/rm_arm_moveit_config -- -j8 -l8
[0.052s] Invoked command in '/home/dji/rm_arm_moveit_config/build/rm_arm_moveit_config' returned '0': CMAKE_PREFIX_PATH=${CMAKE_PREFIX_PATH}:/home/dji/ws_moveit2/install/moveit_configs_utils:/home/dji/ws_moveit2/install/launch_param_builder:/opt/ros/humble /usr/bin/cmake --build /home/dji/rm_arm_moveit_config/build/rm_arm_moveit_config -- -j8 -l8
[0.074s] Invoking command in '/home/dji/rm_arm_moveit_config/build/rm_arm_moveit_config': CMAKE_PREFIX_PATH=${CMAKE_PREFIX_PATH}:/home/dji/ws_moveit2/install/moveit_configs_utils:/home/dji/ws_moveit2/install/launch_param_builder:/opt/ros/humble /usr/bin/cmake --install /home/dji/rm_arm_moveit_config/build/rm_arm_moveit_config
[0.080s] -- Install configuration: ""
[0.080s] -- Up-to-date: /home/dji/rm_arm_moveit_config/install/rm_arm_moveit_config/share/ament_index/resource_index/package_run_dependencies/rm_arm_moveit_config
[0.080s] -- Up-to-date: /home/dji/rm_arm_moveit_config/install/rm_arm_moveit_config/share/ament_index/resource_index/parent_prefix_path/rm_arm_moveit_config
[0.081s] -- Up-to-date: /home/dji/rm_arm_moveit_config/install/rm_arm_moveit_config/share/rm_arm_moveit_config/environment/ament_prefix_path.sh
[0.081s] -- Up-to-date: /home/dji/rm_arm_moveit_config/install/rm_arm_moveit_config/share/rm_arm_moveit_config/environment/ament_prefix_path.dsv
[0.081s] -- Up-to-date: /home/dji/rm_arm_moveit_config/install/rm_arm_moveit_config/share/rm_arm_moveit_config/environment/path.sh
[0.081s] -- Up-to-date: /home/dji/rm_arm_moveit_config/install/rm_arm_moveit_config/share/rm_arm_moveit_config/environment/path.dsv
[0.081s] -- Up-to-date: /home/dji/rm_arm_moveit_config/install/rm_arm_moveit_config/share/rm_arm_moveit_config/local_setup.bash
[0.081s] -- Up-to-date: /home/dji/rm_arm_moveit_config/install/rm_arm_moveit_config/share/rm_arm_moveit_config/local_setup.sh
[0.081s] -- Up-to-date: /home/dji/rm_arm_moveit_config/install/rm_arm_moveit_config/share/rm_arm_moveit_config/local_setup.zsh
[0.081s] -- Up-to-date: /home/dji/rm_arm_moveit_config/install/rm_arm_moveit_config/share/rm_arm_moveit_config/local_setup.dsv
[0.081s] -- Up-to-date: /home/dji/rm_arm_moveit_config/install/rm_arm_moveit_config/share/rm_arm_moveit_config/package.dsv
[0.081s] -- Up-to-date: /home/dji/rm_arm_moveit_config/install/rm_arm_moveit_config/share/ament_index/resource_index/packages/rm_arm_moveit_config
[0.082s] -- Up-to-date: /home/dji/rm_arm_moveit_config/install/rm_arm_moveit_config/share/rm_arm_moveit_config/cmake/rm_arm_moveit_configConfig.cmake
[0.082s] -- Up-to-date: /home/dji/rm_arm_moveit_config/install/rm_arm_moveit_config/share/rm_arm_moveit_config/cmake/rm_arm_moveit_configConfig-version.cmake
[0.082s] -- Up-to-date: /home/dji/rm_arm_moveit_config/install/rm_arm_moveit_config/share/rm_arm_moveit_config/package.xml
[0.082s] -- Up-to-date: /home/dji/rm_arm_moveit_config/install/rm_arm_moveit_config/share/rm_arm_moveit_config/launch
[0.082s] -- Up-to-date: /home/dji/rm_arm_moveit_config/install/rm_arm_moveit_config/share/rm_arm_moveit_config/launch/moveit_rviz.launch.py
[0.082s] -- Up-to-date: /home/dji/rm_arm_moveit_config/install/rm_arm_moveit_config/share/rm_arm_moveit_config/launch/warehouse_db.launch.py
[0.082s] -- Up-to-date: /home/dji/rm_arm_moveit_config/install/rm_arm_moveit_config/share/rm_arm_moveit_config/launch/demo.launch.py
[0.082s] -- Up-to-date: /home/dji/rm_arm_moveit_config/install/rm_arm_moveit_config/share/rm_arm_moveit_config/launch/rsp.launch.py
[0.082s] -- Up-to-date: /home/dji/rm_arm_moveit_config/install/rm_arm_moveit_config/share/rm_arm_moveit_config/launch/static_virtual_joint_tfs.launch.py
[0.082s] -- Up-to-date: /home/dji/rm_arm_moveit_config/install/rm_arm_moveit_config/share/rm_arm_moveit_config/launch/move_group.launch.py
[0.082s] -- Up-to-date: /home/dji/rm_arm_moveit_config/install/rm_arm_moveit_config/share/rm_arm_moveit_config/launch/spawn_controllers.launch.py
[0.082s] -- Up-to-date: /home/dji/rm_arm_moveit_config/install/rm_arm_moveit_config/share/rm_arm_moveit_config/launch/setup_assistant.launch.py
[0.082s] -- Up-to-date: /home/dji/rm_arm_moveit_config/install/rm_arm_moveit_config/share/rm_arm_moveit_config/config
[0.082s] -- Up-to-date: /home/dji/rm_arm_moveit_config/install/rm_arm_moveit_config/share/rm_arm_moveit_config/config/pilz_cartesian_limits.yaml
[0.083s] -- Up-to-date: /home/dji/rm_arm_moveit_config/install/rm_arm_moveit_config/share/rm_arm_moveit_config/config/kinematics.yaml
[0.083s] -- Up-to-date: /home/dji/rm_arm_moveit_config/install/rm_arm_moveit_config/share/rm_arm_moveit_config/config/rm_arm_description.urdf.xacro
[0.083s] -- Up-to-date: /home/dji/rm_arm_moveit_config/install/rm_arm_moveit_config/share/rm_arm_moveit_config/config/moveit.rviz
[0.083s] -- Up-to-date: /home/dji/rm_arm_moveit_config/install/rm_arm_moveit_config/share/rm_arm_moveit_config/config/joint_limits.yaml
[0.083s] -- Up-to-date: /home/dji/rm_arm_moveit_config/install/rm_arm_moveit_config/share/rm_arm_moveit_config/config/rm_arm_description.ros2_control.xacro
[0.083s] -- Up-to-date: /home/dji/rm_arm_moveit_config/install/rm_arm_moveit_config/share/rm_arm_moveit_config/config/rm_arm_description.srdf
[0.083s] -- Up-to-date: /home/dji/rm_arm_moveit_config/install/rm_arm_moveit_config/share/rm_arm_moveit_config/config/initial_positions.yaml
[0.083s] -- Up-to-date: /home/dji/rm_arm_moveit_config/install/rm_arm_moveit_config/share/rm_arm_moveit_config/config/ros2_controllers.yaml
[0.083s] -- Up-to-date: /home/dji/rm_arm_moveit_config/install/rm_arm_moveit_config/share/rm_arm_moveit_config/config/moveit_controllers.yaml
[0.083s] -- Up-to-date: /home/dji/rm_arm_moveit_config/install/rm_arm_moveit_config/share/rm_arm_moveit_config/.setup_assistant
[0.084s] Invoked command in '/home/dji/rm_arm_moveit_config/build/rm_arm_moveit_config' returned '0': CMAKE_PREFIX_PATH=${CMAKE_PREFIX_PATH}:/home/dji/ws_moveit2/install/moveit_configs_utils:/home/dji/ws_moveit2/install/launch_param_builder:/opt/ros/humble /usr/bin/cmake --install /home/dji/rm_arm_moveit_config/build/rm_arm_moveit_config
