[0.081s] DEBUG:colcon:Command line arguments: ['/usr/bin/colcon', 'build']
[0.081s] DEBUG:colcon:Parsed command line arguments: Namespace(log_base=None, log_level=None, verb_name='build', build_base='build', install_base='install', merge_install=False, symlink_install=False, test_result_base=None, continue_on_error=False, executor='parallel', parallel_workers=8, event_handlers=None, ignore_user_meta=False, metas=['./colcon.meta'], base_paths=['.'], packages_ignore=None, packages_ignore_regex=None, paths=None, packages_up_to=None, packages_up_to_regex=None, packages_above=None, packages_above_and_dependencies=None, packages_above_depth=None, packages_select_by_dep=None, packages_skip_by_dep=None, packages_skip_up_to=None, packages_select_build_failed=False, packages_skip_build_finished=False, packages_select_test_failures=False, packages_skip_test_passed=False, packages_select=None, packages_skip=None, packages_select_regex=None, packages_skip_regex=None, packages_start=None, packages_end=None, allow_overriding=[], cmake_args=None, cmake_target=None, cmake_target_skip_unavailable=False, cmake_clean_cache=False, cmake_clean_first=False, cmake_force_configure=False, ament_cmake_args=None, catkin_cmake_args=None, catkin_skip_building_tests=False, mixin_files=None, mixin=None, verb_parser=<colcon_mixin.mixin.mixin_argument.MixinArgumentDecorator object at 0x7fe7b07ff430>, verb_extension=<colcon_core.verb.build.BuildVerb object at 0x7fe7b07fef80>, main=<bound method BuildVerb.main of <colcon_core.verb.build.BuildVerb object at 0x7fe7b07fef80>>, mixin_verb=('build',))
[0.193s] Level 1:colcon.colcon_core.package_discovery:discover_packages(colcon_meta) check parameters
[0.193s] Level 1:colcon.colcon_core.package_discovery:discover_packages(recursive) check parameters
[0.193s] Level 1:colcon.colcon_core.package_discovery:discover_packages(ignore) check parameters
[0.193s] Level 1:colcon.colcon_core.package_discovery:discover_packages(path) check parameters
[0.193s] Level 1:colcon.colcon_core.package_discovery:discover_packages(colcon_meta) discover
[0.193s] Level 1:colcon.colcon_core.package_discovery:discover_packages(recursive) discover
[0.193s] INFO:colcon.colcon_core.package_discovery:Crawling recursively for packages in '/home/engineer/code/robotic_arm'
[0.193s] Level 1:colcon.colcon_core.package_identification:_identify(.) by extensions ['ignore', 'ignore_ament_install']
[0.193s] Level 1:colcon.colcon_core.package_identification:_identify(.) by extension 'ignore'
[0.193s] Level 1:colcon.colcon_core.package_identification:_identify(.) by extension 'ignore_ament_install'
[0.193s] Level 1:colcon.colcon_core.package_identification:_identify(.) by extensions ['colcon_pkg']
[0.193s] Level 1:colcon.colcon_core.package_identification:_identify(.) by extension 'colcon_pkg'
[0.193s] Level 1:colcon.colcon_core.package_identification:_identify(.) by extensions ['colcon_meta']
[0.193s] Level 1:colcon.colcon_core.package_identification:_identify(.) by extension 'colcon_meta'
[0.193s] Level 1:colcon.colcon_core.package_identification:_identify(.) by extensions ['ros']
[0.193s] Level 1:colcon.colcon_core.package_identification:_identify(.) by extension 'ros'
[0.202s] DEBUG:colcon.colcon_core.package_identification:Package '.' with type 'ros.ament_cmake' and name 'robotic_arm'
[0.202s] Level 1:colcon.colcon_core.package_discovery:discover_packages(recursive) using defaults
[0.202s] Level 1:colcon.colcon_core.package_discovery:discover_packages(ignore) discover
[0.202s] Level 1:colcon.colcon_core.package_discovery:discover_packages(ignore) using defaults
[0.202s] Level 1:colcon.colcon_core.package_discovery:discover_packages(path) discover
[0.202s] Level 1:colcon.colcon_core.package_discovery:discover_packages(path) using defaults
[0.223s] Level 1:colcon.colcon_core.package_discovery:discover_packages(prefix_path) check parameters
[0.223s] Level 1:colcon.colcon_core.package_discovery:discover_packages(prefix_path) discover
[0.225s] DEBUG:colcon.colcon_installed_package_information.package_discovery:Found 1 installed packages in /home/engineer/code/robotic_arm/install
[0.226s] DEBUG:colcon.colcon_installed_package_information.package_discovery:Found 55 installed packages in /home/engineer/ros2_libs/moveit2_humble/install
[0.227s] DEBUG:colcon.colcon_installed_package_information.package_discovery:Found 324 installed packages in /opt/ros/humble
[0.228s] Level 1:colcon.colcon_core.package_discovery:discover_packages(prefix_path) using defaults
[0.258s] Level 5:colcon.colcon_core.verb:set package 'robotic_arm' build argument 'cmake_args' from command line to 'None'
[0.258s] Level 5:colcon.colcon_core.verb:set package 'robotic_arm' build argument 'cmake_target' from command line to 'None'
[0.258s] Level 5:colcon.colcon_core.verb:set package 'robotic_arm' build argument 'cmake_target_skip_unavailable' from command line to 'False'
[0.258s] Level 5:colcon.colcon_core.verb:set package 'robotic_arm' build argument 'cmake_clean_cache' from command line to 'False'
[0.258s] Level 5:colcon.colcon_core.verb:set package 'robotic_arm' build argument 'cmake_clean_first' from command line to 'False'
[0.258s] Level 5:colcon.colcon_core.verb:set package 'robotic_arm' build argument 'cmake_force_configure' from command line to 'False'
[0.258s] Level 5:colcon.colcon_core.verb:set package 'robotic_arm' build argument 'ament_cmake_args' from command line to 'None'
[0.258s] Level 5:colcon.colcon_core.verb:set package 'robotic_arm' build argument 'catkin_cmake_args' from command line to 'None'
[0.258s] Level 5:colcon.colcon_core.verb:set package 'robotic_arm' build argument 'catkin_skip_building_tests' from command line to 'False'
[0.258s] DEBUG:colcon.colcon_core.verb:Building package 'robotic_arm' with the following arguments: {'ament_cmake_args': None, 'build_base': '/home/engineer/code/robotic_arm/build/robotic_arm', 'catkin_cmake_args': None, 'catkin_skip_building_tests': False, 'cmake_args': None, 'cmake_clean_cache': False, 'cmake_clean_first': False, 'cmake_force_configure': False, 'cmake_target': None, 'cmake_target_skip_unavailable': False, 'install_base': '/home/engineer/code/robotic_arm/install/robotic_arm', 'merge_install': False, 'path': '/home/engineer/code/robotic_arm', 'symlink_install': False, 'test_result_base': None}
[0.259s] INFO:colcon.colcon_core.executor:Executing jobs using 'parallel' executor
[0.259s] DEBUG:colcon.colcon_parallel_executor.executor.parallel:run_until_complete
[0.259s] INFO:colcon.colcon_ros.task.ament_cmake.build:Building ROS package in '/home/engineer/code/robotic_arm' with build type 'ament_cmake'
[0.260s] INFO:colcon.colcon_cmake.task.cmake.build:Building CMake package in '/home/engineer/code/robotic_arm'
[0.261s] INFO:colcon.colcon_core.plugin_system:Skipping extension 'colcon_core.shell.bat': Not used on non-Windows systems
[0.261s] INFO:colcon.colcon_core.shell:Skip shell extension 'powershell' for command environment: Not usable outside of PowerShell
[0.261s] DEBUG:colcon.colcon_core.shell:Skip shell extension 'dsv' for command environment
[0.272s] DEBUG:colcon.colcon_core.event_handler.log_command:Invoking command in '/home/engineer/code/robotic_arm/build/robotic_arm': CMAKE_PREFIX_PATH=${CMAKE_PREFIX_PATH}:/home/engineer/ros2_libs/moveit2_humble/install/moveit_configs_utils:/home/engineer/ros2_libs/moveit2_humble/install/launch_param_builder:/opt/ros/humble /usr/bin/cmake --build /home/engineer/code/robotic_arm/build/robotic_arm -- -j8 -l8
[0.316s] DEBUG:colcon.colcon_core.event_handler.log_command:Invoked command in '/home/engineer/code/robotic_arm/build/robotic_arm' returned '0': CMAKE_PREFIX_PATH=${CMAKE_PREFIX_PATH}:/home/engineer/ros2_libs/moveit2_humble/install/moveit_configs_utils:/home/engineer/ros2_libs/moveit2_humble/install/launch_param_builder:/opt/ros/humble /usr/bin/cmake --build /home/engineer/code/robotic_arm/build/robotic_arm -- -j8 -l8
[0.326s] DEBUG:colcon.colcon_core.event_handler.log_command:Invoking command in '/home/engineer/code/robotic_arm/build/robotic_arm': CMAKE_PREFIX_PATH=${CMAKE_PREFIX_PATH}:/home/engineer/ros2_libs/moveit2_humble/install/moveit_configs_utils:/home/engineer/ros2_libs/moveit2_humble/install/launch_param_builder:/opt/ros/humble /usr/bin/cmake --install /home/engineer/code/robotic_arm/build/robotic_arm
[0.337s] Level 1:colcon.colcon_core.environment:create_environment_scripts_only(robotic_arm)
[0.338s] DEBUG:colcon.colcon_core.event_handler.log_command:Invoked command in '/home/engineer/code/robotic_arm/build/robotic_arm' returned '0': CMAKE_PREFIX_PATH=${CMAKE_PREFIX_PATH}:/home/engineer/ros2_libs/moveit2_humble/install/moveit_configs_utils:/home/engineer/ros2_libs/moveit2_humble/install/launch_param_builder:/opt/ros/humble /usr/bin/cmake --install /home/engineer/code/robotic_arm/build/robotic_arm
[0.339s] Level 1:colcon.colcon_core.environment:checking '/home/engineer/code/robotic_arm/install/robotic_arm' for CMake module files
[0.339s] Level 1:colcon.colcon_core.environment:checking '/home/engineer/code/robotic_arm/install/robotic_arm' for CMake config files
[0.339s] Level 1:colcon.colcon_core.shell:create_environment_hook('robotic_arm', 'cmake_prefix_path')
[0.340s] INFO:colcon.colcon_core.shell:Creating environment hook '/home/engineer/code/robotic_arm/install/robotic_arm/share/robotic_arm/hook/cmake_prefix_path.ps1'
[0.340s] INFO:colcon.colcon_core.shell:Creating environment descriptor '/home/engineer/code/robotic_arm/install/robotic_arm/share/robotic_arm/hook/cmake_prefix_path.dsv'
[0.340s] INFO:colcon.colcon_core.shell:Creating environment hook '/home/engineer/code/robotic_arm/install/robotic_arm/share/robotic_arm/hook/cmake_prefix_path.sh'
[0.341s] Level 1:colcon.colcon_core.environment:checking '/home/engineer/code/robotic_arm/install/robotic_arm/bin'
[0.341s] Level 1:colcon.colcon_core.environment:checking '/home/engineer/code/robotic_arm/install/robotic_arm/lib/pkgconfig/robotic_arm.pc'
[0.341s] Level 1:colcon.colcon_core.environment:checking '/home/engineer/code/robotic_arm/install/robotic_arm/lib/python3.10/site-packages'
[0.341s] Level 1:colcon.colcon_core.environment:checking '/home/engineer/code/robotic_arm/install/robotic_arm/bin'
[0.341s] INFO:colcon.colcon_core.shell:Creating package script '/home/engineer/code/robotic_arm/install/robotic_arm/share/robotic_arm/package.ps1'
[0.342s] INFO:colcon.colcon_core.shell:Creating package descriptor '/home/engineer/code/robotic_arm/install/robotic_arm/share/robotic_arm/package.dsv'
[0.342s] INFO:colcon.colcon_core.shell:Creating package script '/home/engineer/code/robotic_arm/install/robotic_arm/share/robotic_arm/package.sh'
[0.343s] INFO:colcon.colcon_core.shell:Creating package script '/home/engineer/code/robotic_arm/install/robotic_arm/share/robotic_arm/package.bash'
[0.343s] INFO:colcon.colcon_core.shell:Creating package script '/home/engineer/code/robotic_arm/install/robotic_arm/share/robotic_arm/package.zsh'
[0.344s] Level 1:colcon.colcon_core.environment:create_file_with_runtime_dependencies(/home/engineer/code/robotic_arm/install/robotic_arm/share/colcon-core/packages/robotic_arm)
[0.344s] Level 1:colcon.colcon_core.environment:create_environment_scripts_only(robotic_arm)
[0.344s] Level 1:colcon.colcon_core.environment:checking '/home/engineer/code/robotic_arm/install/robotic_arm' for CMake module files
[0.344s] Level 1:colcon.colcon_core.environment:checking '/home/engineer/code/robotic_arm/install/robotic_arm' for CMake config files
[0.345s] Level 1:colcon.colcon_core.shell:create_environment_hook('robotic_arm', 'cmake_prefix_path')
[0.345s] INFO:colcon.colcon_core.shell:Creating environment hook '/home/engineer/code/robotic_arm/install/robotic_arm/share/robotic_arm/hook/cmake_prefix_path.ps1'
[0.345s] INFO:colcon.colcon_core.shell:Creating environment descriptor '/home/engineer/code/robotic_arm/install/robotic_arm/share/robotic_arm/hook/cmake_prefix_path.dsv'
[0.345s] INFO:colcon.colcon_core.shell:Creating environment hook '/home/engineer/code/robotic_arm/install/robotic_arm/share/robotic_arm/hook/cmake_prefix_path.sh'
[0.345s] Level 1:colcon.colcon_core.environment:checking '/home/engineer/code/robotic_arm/install/robotic_arm/bin'
[0.345s] Level 1:colcon.colcon_core.environment:checking '/home/engineer/code/robotic_arm/install/robotic_arm/lib/pkgconfig/robotic_arm.pc'
[0.346s] Level 1:colcon.colcon_core.environment:checking '/home/engineer/code/robotic_arm/install/robotic_arm/lib/python3.10/site-packages'
[0.346s] Level 1:colcon.colcon_core.environment:checking '/home/engineer/code/robotic_arm/install/robotic_arm/bin'
[0.346s] INFO:colcon.colcon_core.shell:Creating package script '/home/engineer/code/robotic_arm/install/robotic_arm/share/robotic_arm/package.ps1'
[0.346s] INFO:colcon.colcon_core.shell:Creating package descriptor '/home/engineer/code/robotic_arm/install/robotic_arm/share/robotic_arm/package.dsv'
[0.346s] INFO:colcon.colcon_core.shell:Creating package script '/home/engineer/code/robotic_arm/install/robotic_arm/share/robotic_arm/package.sh'
[0.347s] INFO:colcon.colcon_core.shell:Creating package script '/home/engineer/code/robotic_arm/install/robotic_arm/share/robotic_arm/package.bash'
[0.347s] INFO:colcon.colcon_core.shell:Creating package script '/home/engineer/code/robotic_arm/install/robotic_arm/share/robotic_arm/package.zsh'
[0.347s] Level 1:colcon.colcon_core.environment:create_file_with_runtime_dependencies(/home/engineer/code/robotic_arm/install/robotic_arm/share/colcon-core/packages/robotic_arm)
[0.348s] DEBUG:colcon.colcon_parallel_executor.executor.parallel:closing loop
[0.348s] DEBUG:colcon.colcon_parallel_executor.executor.parallel:loop closed
[0.348s] DEBUG:colcon.colcon_parallel_executor.executor.parallel:run_until_complete finished with '0'
[0.348s] DEBUG:colcon.colcon_core.event_reactor:joining thread
[0.352s] INFO:colcon.colcon_core.plugin_system:Skipping extension 'colcon_notification.desktop_notification.terminal_notifier': Not used on non-Darwin systems
[0.352s] INFO:colcon.colcon_core.plugin_system:Skipping extension 'colcon_notification.desktop_notification.win32': Not used on non-Windows systems
[0.352s] INFO:colcon.colcon_notification.desktop_notification:Sending desktop notification using 'notify2'
[0.359s] DEBUG:colcon.colcon_core.event_reactor:joined thread
[0.359s] INFO:colcon.colcon_core.shell:Creating prefix script '/home/engineer/code/robotic_arm/install/local_setup.ps1'
[0.360s] INFO:colcon.colcon_core.shell:Creating prefix util module '/home/engineer/code/robotic_arm/install/_local_setup_util_ps1.py'
[0.361s] INFO:colcon.colcon_core.shell:Creating prefix chain script '/home/engineer/code/robotic_arm/install/setup.ps1'
[0.363s] INFO:colcon.colcon_core.shell:Creating prefix script '/home/engineer/code/robotic_arm/install/local_setup.sh'
[0.364s] INFO:colcon.colcon_core.shell:Creating prefix util module '/home/engineer/code/robotic_arm/install/_local_setup_util_sh.py'
[0.364s] INFO:colcon.colcon_core.shell:Creating prefix chain script '/home/engineer/code/robotic_arm/install/setup.sh'
[0.366s] INFO:colcon.colcon_core.shell:Creating prefix script '/home/engineer/code/robotic_arm/install/local_setup.bash'
[0.366s] INFO:colcon.colcon_core.shell:Creating prefix chain script '/home/engineer/code/robotic_arm/install/setup.bash'
[0.368s] INFO:colcon.colcon_core.shell:Creating prefix script '/home/engineer/code/robotic_arm/install/local_setup.zsh'
[0.368s] INFO:colcon.colcon_core.shell:Creating prefix chain script '/home/engineer/code/robotic_arm/install/setup.zsh'
